{"/Users/dsiu/code/playground/rescript-stdlib-fp/src/Stdlib_Array.mjs": {"path":"/Users/dsiu/code/playground/rescript-stdlib-fp/src/Stdlib_Array.mjs","statementMap":{"0":{"start":{"line":282,"column":2},"end":{"line":282,"column":10}},"1":{"start":{"line":228,"column":2},"end":{"line":228,"column":5}},"2":{"start":{"line":227,"column":2},"end":{"line":227,"column":5}},"3":{"start":{"line":263,"column":2},"end":{"line":263,"column":8}},"4":{"start":{"line":281,"column":2},"end":{"line":281,"column":15}},"5":{"start":{"line":256,"column":2},"end":{"line":256,"column":10}},"6":{"start":{"line":214,"column":2},"end":{"line":214,"column":7}},"7":{"start":{"line":285,"column":2},"end":{"line":285,"column":14}},"8":{"start":{"line":289,"column":2},"end":{"line":289,"column":14}},"9":{"start":{"line":287,"column":2},"end":{"line":287,"column":19}},"10":{"start":{"line":284,"column":2},"end":{"line":284,"column":16}},"11":{"start":{"line":286,"column":2},"end":{"line":286,"column":16}},"12":{"start":{"line":288,"column":2},"end":{"line":288,"column":16}},"13":{"start":{"line":198,"column":2},"end":{"line":198,"column":9}},"14":{"start":{"line":229,"column":2},"end":{"line":229,"column":7}},"15":{"start":{"line":274,"column":2},"end":{"line":274,"column":6}},"16":{"start":{"line":275,"column":2},"end":{"line":275,"column":13}},"17":{"start":{"line":276,"column":2},"end":{"line":276,"column":11}},"18":{"start":{"line":262,"column":2},"end":{"line":262,"column":7}},"19":{"start":{"line":235,"column":2},"end":{"line":235,"column":8}},"20":{"start":{"line":239,"column":2},"end":{"line":239,"column":8}},"21":{"start":{"line":240,"column":2},"end":{"line":240,"column":11}},"22":{"start":{"line":230,"column":2},"end":{"line":230,"column":6}},"23":{"start":{"line":231,"column":2},"end":{"line":231,"column":11}},"24":{"start":{"line":205,"column":2},"end":{"line":205,"column":14}},"25":{"start":{"line":209,"column":2},"end":{"line":209,"column":9}},"26":{"start":{"line":219,"column":2},"end":{"line":219,"column":7}},"27":{"start":{"line":241,"column":2},"end":{"line":241,"column":9}},"28":{"start":{"line":244,"column":2},"end":{"line":244,"column":9}},"29":{"start":{"line":242,"column":2},"end":{"line":242,"column":6}},"30":{"start":{"line":243,"column":2},"end":{"line":243,"column":11}},"31":{"start":{"line":252,"column":2},"end":{"line":252,"column":9}},"32":{"start":{"line":253,"column":2},"end":{"line":253,"column":18}},"33":{"start":{"line":197,"column":2},"end":{"line":197,"column":17}},"34":{"start":{"line":213,"column":2},"end":{"line":213,"column":10}},"35":{"start":{"line":215,"column":2},"end":{"line":215,"column":5}},"36":{"start":{"line":216,"column":2},"end":{"line":216,"column":7}},"37":{"start":{"line":259,"column":2},"end":{"line":259,"column":9}},"38":{"start":{"line":264,"column":2},"end":{"line":264,"column":12}},"39":{"start":{"line":232,"column":2},"end":{"line":232,"column":10}},"40":{"start":{"line":199,"column":2},"end":{"line":199,"column":12}},"41":{"start":{"line":267,"column":2},"end":{"line":267,"column":6}},"42":{"start":{"line":212,"column":2},"end":{"line":212,"column":12}},"43":{"start":{"line":255,"column":2},"end":{"line":255,"column":13}},"44":{"start":{"line":225,"column":2},"end":{"line":225,"column":9}},"45":{"start":{"line":258,"column":2},"end":{"line":258,"column":6}},"46":{"start":{"line":206,"column":2},"end":{"line":206,"column":10}},"47":{"start":{"line":220,"column":2},"end":{"line":220,"column":6}},"48":{"start":{"line":200,"column":2},"end":{"line":200,"column":16}},"49":{"start":{"line":265,"column":2},"end":{"line":265,"column":12}},"50":{"start":{"line":226,"column":2},"end":{"line":226,"column":8}},"51":{"start":{"line":283,"column":2},"end":{"line":283,"column":8}},"52":{"start":{"line":196,"column":2},"end":{"line":196,"column":6}},"53":{"start":{"line":270,"column":2},"end":{"line":270,"column":8}},"54":{"start":{"line":237,"column":2},"end":{"line":237,"column":5}},"55":{"start":{"line":246,"column":2},"end":{"line":246,"column":6}},"56":{"start":{"line":247,"column":2},"end":{"line":247,"column":6}},"57":{"start":{"line":238,"column":2},"end":{"line":238,"column":14}},"58":{"start":{"line":234,"column":2},"end":{"line":234,"column":9}},"59":{"start":{"line":233,"column":2},"end":{"line":233,"column":9}},"60":{"start":{"line":248,"column":2},"end":{"line":248,"column":11}},"61":{"start":{"line":211,"column":2},"end":{"line":211,"column":7}},"62":{"start":{"line":201,"column":2},"end":{"line":201,"column":8}},"63":{"start":{"line":203,"column":2},"end":{"line":203,"column":13}},"64":{"start":{"line":204,"column":2},"end":{"line":204,"column":22}},"65":{"start":{"line":202,"column":2},"end":{"line":202,"column":17}},"66":{"start":{"line":210,"column":2},"end":{"line":210,"column":8}},"67":{"start":{"line":223,"column":2},"end":{"line":223,"column":9}},"68":{"start":{"line":280,"column":2},"end":{"line":280,"column":7}},"69":{"start":{"line":217,"column":2},"end":{"line":217,"column":5}},"70":{"start":{"line":218,"column":2},"end":{"line":218,"column":7}},"71":{"start":{"line":208,"column":2},"end":{"line":208,"column":9}},"72":{"start":{"line":269,"column":2},"end":{"line":269,"column":11}},"73":{"start":{"line":221,"column":2},"end":{"line":221,"column":7}},"74":{"start":{"line":257,"column":2},"end":{"line":257,"column":9}},"75":{"start":{"line":224,"column":2},"end":{"line":224,"column":6}},"76":{"start":{"line":249,"column":2},"end":{"line":249,"column":9}},"77":{"start":{"line":250,"column":2},"end":{"line":250,"column":11}},"78":{"start":{"line":236,"column":2},"end":{"line":236,"column":5}},"79":{"start":{"line":222,"column":2},"end":{"line":222,"column":6}},"80":{"start":{"line":266,"column":2},"end":{"line":266,"column":6}},"81":{"start":{"line":277,"column":2},"end":{"line":277,"column":7}},"82":{"start":{"line":271,"column":2},"end":{"line":271,"column":6}},"83":{"start":{"line":272,"column":2},"end":{"line":272,"column":13}},"84":{"start":{"line":273,"column":2},"end":{"line":273,"column":11}},"85":{"start":{"line":261,"column":2},"end":{"line":261,"column":15}},"86":{"start":{"line":260,"column":2},"end":{"line":260,"column":8}},"87":{"start":{"line":207,"column":2},"end":{"line":207,"column":12}},"88":{"start":{"line":268,"column":2},"end":{"line":268,"column":8}},"89":{"start":{"line":279,"column":2},"end":{"line":279,"column":6}},"90":{"start":{"line":278,"column":2},"end":{"line":278,"column":8}},"91":{"start":{"line":251,"column":2},"end":{"line":251,"column":7}},"92":{"start":{"line":254,"column":2},"end":{"line":254,"column":8}},"93":{"start":{"line":245,"column":2},"end":{"line":245,"column":5}},"94":{"start":{"line":3,"column":29},"end":{"line":3,"column":null}},"95":{"start":{"line":4,"column":33},"end":{"line":4,"column":null}},"96":{"start":{"line":5,"column":34},"end":{"line":5,"column":null}},"97":{"start":{"line":7,"column":11},"end":{"line":7,"column":27}},"98":{"start":{"line":9,"column":22},"end":{"line":9,"column":49}},"99":{"start":{"line":11,"column":14},"end":{"line":11,"column":33}},"100":{"start":{"line":13,"column":17},"end":{"line":13,"column":39}},"101":{"start":{"line":15,"column":21},"end":{"line":15,"column":47}},"102":{"start":{"line":17,"column":13},"end":{"line":17,"column":31}},"103":{"start":{"line":19,"column":22},"end":{"line":19,"column":49}},"104":{"start":{"line":21,"column":18},"end":{"line":21,"column":41}},"105":{"start":{"line":23,"column":27},"end":{"line":23,"column":59}},"106":{"start":{"line":25,"column":19},"end":{"line":25,"column":43}},"107":{"start":{"line":27,"column":15},"end":{"line":27,"column":35}},"108":{"start":{"line":29,"column":17},"end":{"line":29,"column":39}},"109":{"start":{"line":31,"column":14},"end":{"line":31,"column":33}},"110":{"start":{"line":33,"column":14},"end":{"line":33,"column":33}},"111":{"start":{"line":35,"column":13},"end":{"line":35,"column":35}},"112":{"start":{"line":37,"column":12},"end":{"line":37,"column":33}},"113":{"start":{"line":39,"column":17},"end":{"line":39,"column":43}},"114":{"start":{"line":41,"column":15},"end":{"line":41,"column":39}},"115":{"start":{"line":43,"column":12},"end":{"line":43,"column":33}},"116":{"start":{"line":45,"column":10},"end":{"line":45,"column":29}},"117":{"start":{"line":47,"column":12},"end":{"line":47,"column":33}},"118":{"start":{"line":49,"column":10},"end":{"line":49,"column":29}},"119":{"start":{"line":51,"column":12},"end":{"line":51,"column":33}},"120":{"start":{"line":53,"column":12},"end":{"line":53,"column":33}},"121":{"start":{"line":55,"column":11},"end":{"line":55,"column":31}},"122":{"start":{"line":57,"column":12},"end":{"line":57,"column":33}},"123":{"start":{"line":59,"column":11},"end":{"line":59,"column":31}},"124":{"start":{"line":61,"column":14},"end":{"line":61,"column":37}},"125":{"start":{"line":63,"column":11},"end":{"line":63,"column":31}},"126":{"start":{"line":65,"column":14},"end":{"line":65,"column":37}},"127":{"start":{"line":67,"column":13},"end":{"line":67,"column":35}},"128":{"start":{"line":69,"column":10},"end":{"line":69,"column":29}},"129":{"start":{"line":71,"column":10},"end":{"line":71,"column":29}},"130":{"start":{"line":73,"column":12},"end":{"line":73,"column":33}},"131":{"start":{"line":75,"column":11},"end":{"line":75,"column":31}},"132":{"start":{"line":77,"column":16},"end":{"line":77,"column":41}},"133":{"start":{"line":79,"column":15},"end":{"line":79,"column":39}},"134":{"start":{"line":81,"column":14},"end":{"line":81,"column":37}},"135":{"start":{"line":83,"column":14},"end":{"line":83,"column":37}},"136":{"start":{"line":85,"column":13},"end":{"line":85,"column":35}},"137":{"start":{"line":87,"column":10},"end":{"line":87,"column":29}},"138":{"start":{"line":89,"column":10},"end":{"line":89,"column":29}},"139":{"start":{"line":91,"column":19},"end":{"line":91,"column":47}},"140":{"start":{"line":93,"column":13},"end":{"line":93,"column":35}},"141":{"start":{"line":95,"column":16},"end":{"line":95,"column":41}},"142":{"start":{"line":97,"column":14},"end":{"line":97,"column":37}},"143":{"start":{"line":99,"column":11},"end":{"line":99,"column":31}},"144":{"start":{"line":101,"column":16},"end":{"line":101,"column":41}},"145":{"start":{"line":103,"column":14},"end":{"line":103,"column":37}},"146":{"start":{"line":105,"column":10},"end":{"line":105,"column":29}},"147":{"start":{"line":107,"column":11},"end":{"line":107,"column":31}},"148":{"start":{"line":109,"column":11},"end":{"line":109,"column":31}},"149":{"start":{"line":111,"column":16},"end":{"line":111,"column":41}},"150":{"start":{"line":113,"column":14},"end":{"line":113,"column":37}},"151":{"start":{"line":115,"column":16},"end":{"line":115,"column":41}},"152":{"start":{"line":117,"column":12},"end":{"line":117,"column":33}},"153":{"start":{"line":119,"column":14},"end":{"line":119,"column":37}},"154":{"start":{"line":121,"column":23},"end":{"line":121,"column":55}},"155":{"start":{"line":123,"column":13},"end":{"line":123,"column":35}},"156":{"start":{"line":125,"column":18},"end":{"line":125,"column":45}},"157":{"start":{"line":127,"column":15},"end":{"line":127,"column":39}},"158":{"start":{"line":129,"column":14},"end":{"line":129,"column":37}},"159":{"start":{"line":131,"column":11},"end":{"line":131,"column":31}},"160":{"start":{"line":133,"column":14},"end":{"line":133,"column":37}},"161":{"start":{"line":135,"column":13},"end":{"line":135,"column":35}},"162":{"start":{"line":137,"column":20},"end":{"line":137,"column":49}},"163":{"start":{"line":139,"column":12},"end":{"line":139,"column":33}},"164":{"start":{"line":141,"column":13},"end":{"line":141,"column":36}},"165":{"start":{"line":143,"column":17},"end":{"line":143,"column":44}},"166":{"start":{"line":145,"column":17},"end":{"line":145,"column":44}},"167":{"start":{"line":147,"column":11},"end":{"line":147,"column":32}},"168":{"start":{"line":149,"column":11},"end":{"line":149,"column":32}},"169":{"start":{"line":151,"column":13},"end":{"line":151,"column":36}},"170":{"start":{"line":153,"column":16},"end":{"line":153,"column":42}},"171":{"start":{"line":155,"column":13},"end":{"line":155,"column":36}},"172":{"start":{"line":157,"column":11},"end":{"line":157,"column":32}},"173":{"start":{"line":159,"column":18},"end":{"line":159,"column":46}},"174":{"start":{"line":161,"column":16},"end":{"line":161,"column":42}},"175":{"start":{"line":163,"column":11},"end":{"line":163,"column":32}},"176":{"start":{"line":165,"column":18},"end":{"line":165,"column":46}},"177":{"start":{"line":167,"column":16},"end":{"line":167,"column":42}},"178":{"start":{"line":169,"column":12},"end":{"line":169,"column":34}},"179":{"start":{"line":171,"column":13},"end":{"line":171,"column":36}},"180":{"start":{"line":173,"column":11},"end":{"line":173,"column":32}},"181":{"start":{"line":175,"column":12},"end":{"line":175,"column":34}},"182":{"start":{"line":177,"column":20},"end":{"line":177,"column":50}},"183":{"start":{"line":179,"column":15},"end":{"line":179,"column":40}},"184":{"start":{"line":181,"column":13},"end":{"line":181,"column":36}},"185":{"start":{"line":183,"column":21},"end":{"line":183,"column":52}},"186":{"start":{"line":185,"column":19},"end":{"line":185,"column":48}},"187":{"start":{"line":187,"column":21},"end":{"line":187,"column":52}},"188":{"start":{"line":189,"column":24},"end":{"line":189,"column":58}},"189":{"start":{"line":191,"column":21},"end":{"line":191,"column":52}},"190":{"start":{"line":193,"column":19},"end":{"line":193,"column":48}}},"fnMap":{},"branchMap":{},"s":{"0":0,"1":3,"2":3,"3":1,"4":0,"5":3,"6":2,"7":0,"8":0,"9":0,"10":0,"11":0,"12":0,"13":3,"14":3,"15":0,"16":0,"17":0,"18":0,"19":3,"20":1,"21":1,"22":3,"23":3,"24":0,"25":0,"26":2,"27":2,"28":1,"29":4,"30":4,"31":0,"32":0,"33":0,"34":1,"35":7,"36":3,"37":2,"38":0,"39":3,"40":0,"41":0,"42":3,"43":2,"44":2,"45":2,"46":0,"47":2,"48":0,"49":0,"50":6,"51":0,"52":0,"53":0,"54":1,"55":2,"56":1,"57":1,"58":2,"59":2,"60":1,"61":5,"62":0,"63":0,"64":0,"65":0,"66":8,"67":1,"68":0,"69":4,"70":3,"71":0,"72":2,"73":18,"74":7,"75":3,"76":2,"77":4,"78":2,"79":1,"80":0,"81":0,"82":0,"83":0,"84":0,"85":2,"86":1,"87":0,"88":0,"89":0,"90":0,"91":1,"92":2,"93":2,"94":1,"95":1,"96":1,"97":1,"98":1,"99":1,"100":1,"101":1,"102":1,"103":1,"104":1,"105":1,"106":1,"107":1,"108":1,"109":1,"110":1,"111":1,"112":1,"113":1,"114":1,"115":1,"116":1,"117":1,"118":1,"119":1,"120":1,"121":1,"122":1,"123":1,"124":1,"125":1,"126":1,"127":1,"128":1,"129":1,"130":1,"131":1,"132":1,"133":1,"134":1,"135":1,"136":1,"137":1,"138":1,"139":1,"140":1,"141":1,"142":1,"143":1,"144":1,"145":1,"146":1,"147":1,"148":1,"149":1,"150":1,"151":1,"152":1,"153":1,"154":1,"155":1,"156":1,"157":1,"158":1,"159":1,"160":1,"161":1,"162":1,"163":1,"164":1,"165":1,"166":1,"167":1,"168":1,"169":1,"170":1,"171":1,"172":1,"173":1,"174":1,"175":1,"176":1,"177":1,"178":1,"179":1,"180":1,"181":1,"182":1,"183":1,"184":1,"185":1,"186":1,"187":1,"188":1,"189":1,"190":1},"f":{},"b":{}}
,"/Users/dsiu/code/playground/rescript-stdlib-fp/src/Stdlib_Array_Ext.mjs": {"path":"/Users/dsiu/code/playground/rescript-stdlib-fp/src/Stdlib_Array_Ext.mjs","statementMap":{"0":{"start":{"line":255,"column":2},"end":{"line":255,"column":10}},"1":{"start":{"line":236,"column":2},"end":{"line":236,"column":8}},"2":{"start":{"line":254,"column":2},"end":{"line":254,"column":15}},"3":{"start":{"line":258,"column":2},"end":{"line":258,"column":14}},"4":{"start":{"line":262,"column":2},"end":{"line":262,"column":14}},"5":{"start":{"line":260,"column":2},"end":{"line":260,"column":19}},"6":{"start":{"line":257,"column":2},"end":{"line":257,"column":16}},"7":{"start":{"line":259,"column":2},"end":{"line":259,"column":16}},"8":{"start":{"line":261,"column":2},"end":{"line":261,"column":16}},"9":{"start":{"line":247,"column":2},"end":{"line":247,"column":6}},"10":{"start":{"line":248,"column":2},"end":{"line":248,"column":13}},"11":{"start":{"line":249,"column":2},"end":{"line":249,"column":11}},"12":{"start":{"line":237,"column":2},"end":{"line":237,"column":12}},"13":{"start":{"line":240,"column":2},"end":{"line":240,"column":6}},"14":{"start":{"line":238,"column":2},"end":{"line":238,"column":12}},"15":{"start":{"line":256,"column":2},"end":{"line":256,"column":8}},"16":{"start":{"line":243,"column":2},"end":{"line":243,"column":8}},"17":{"start":{"line":253,"column":2},"end":{"line":253,"column":7}},"18":{"start":{"line":242,"column":2},"end":{"line":242,"column":11}},"19":{"start":{"line":239,"column":2},"end":{"line":239,"column":6}},"20":{"start":{"line":250,"column":2},"end":{"line":250,"column":7}},"21":{"start":{"line":244,"column":2},"end":{"line":244,"column":6}},"22":{"start":{"line":245,"column":2},"end":{"line":245,"column":13}},"23":{"start":{"line":246,"column":2},"end":{"line":246,"column":11}},"24":{"start":{"line":241,"column":2},"end":{"line":241,"column":8}},"25":{"start":{"line":252,"column":2},"end":{"line":252,"column":6}},"26":{"start":{"line":251,"column":2},"end":{"line":251,"column":8}},"27":{"start":{"line":3,"column":23},"end":{"line":3,"column":null}},"28":{"start":{"line":4,"column":26},"end":{"line":4,"column":null}},"29":{"start":{"line":5,"column":28},"end":{"line":5,"column":null}},"30":{"start":{"line":6,"column":29},"end":{"line":6,"column":null}},"31":{"start":{"line":7,"column":29},"end":{"line":7,"column":null}},"32":{"start":{"line":10,"column":2},"end":{"line":10,"column":null}},"33":{"start":{"line":14,"column":2},"end":{"line":14,"column":null}},"34":{"start":{"line":18,"column":2},"end":{"line":18,"column":null}},"35":{"start":{"line":22,"column":2},"end":{"line":22,"column":null}},"36":{"start":{"line":26,"column":10},"end":{"line":26,"column":19}},"37":{"start":{"line":27,"column":2},"end":{"line":31,"column":null}},"38":{"start":{"line":28,"column":4},"end":{"line":28,"column":null}},"39":{"start":{"line":30,"column":4},"end":{"line":30,"column":null}},"40":{"start":{"line":35,"column":2},"end":{"line":40,"column":null}},"41":{"start":{"line":36,"column":4},"end":{"line":39,"column":null}},"42":{"start":{"line":45,"column":2},"end":{"line":45,"column":null}},"43":{"start":{"line":49,"column":10},"end":{"line":49,"column":19}},"44":{"start":{"line":50,"column":12},"end":{"line":51,"column":null}},"45":{"start":{"line":53,"column":2},"end":{"line":53,"column":null}},"46":{"start":{"line":57,"column":2},"end":{"line":61,"column":null}},"47":{"start":{"line":58,"column":4},"end":{"line":58,"column":null}},"48":{"start":{"line":60,"column":4},"end":{"line":60,"column":null}},"49":{"start":{"line":65,"column":2},"end":{"line":70,"column":null}},"50":{"start":{"line":66,"column":16},"end":{"line":68,"column":null}},"51":{"start":{"line":67,"column":18},"end":{"line":67,"column":null}},"52":{"start":{"line":69,"column":16},"end":{"line":69,"column":null}},"53":{"start":{"line":74,"column":10},"end":{"line":74,"column":19}},"54":{"start":{"line":75,"column":14},"end":{"line":76,"column":null}},"55":{"start":{"line":78,"column":2},"end":{"line":78,"column":null}},"56":{"start":{"line":82,"column":2},"end":{"line":86,"column":null}},"57":{"start":{"line":83,"column":4},"end":{"line":83,"column":null}},"58":{"start":{"line":85,"column":4},"end":{"line":85,"column":null}},"59":{"start":{"line":90,"column":2},"end":{"line":95,"column":null}},"60":{"start":{"line":91,"column":16},"end":{"line":93,"column":null}},"61":{"start":{"line":92,"column":18},"end":{"line":92,"column":null}},"62":{"start":{"line":94,"column":16},"end":{"line":94,"column":null}},"63":{"start":{"line":99,"column":2},"end":{"line":103,"column":null}},"64":{"start":{"line":100,"column":4},"end":{"line":100,"column":null}},"65":{"start":{"line":102,"column":4},"end":{"line":102,"column":null}},"66":{"start":{"line":107,"column":14},"end":{"line":107,"column":null}},"67":{"start":{"line":108,"column":12},"end":{"line":108,"column":14}},"68":{"start":{"line":109,"column":2},"end":{"line":120,"column":null}},"69":{"start":{"line":110,"column":16},"end":{"line":110,"column":25}},"70":{"start":{"line":111,"column":23},"end":{"line":115,"column":null}},"71":{"start":{"line":112,"column":8},"end":{"line":114,"column":null}},"72":{"start":{"line":113,"column":10},"end":{"line":113,"column":null}},"73":{"start":{"line":116,"column":4},"end":{"line":118,"column":null}},"74":{"start":{"line":117,"column":6},"end":{"line":117,"column":null}},"75":{"start":{"line":119,"column":4},"end":{"line":119,"column":null}},"76":{"start":{"line":121,"column":2},"end":{"line":121,"column":null}},"77":{"start":{"line":125,"column":2},"end":{"line":127,"column":null}},"78":{"start":{"line":126,"column":16},"end":{"line":126,"column":null}},"79":{"start":{"line":132,"column":2},"end":{"line":138,"column":null}},"80":{"start":{"line":133,"column":4},"end":{"line":133,"column":null}},"81":{"start":{"line":135,"column":12},"end":{"line":135,"column":17}},"82":{"start":{"line":136,"column":16},"end":{"line":136,"column":null}},"83":{"start":{"line":137,"column":4},"end":{"line":137,"column":null}},"84":{"start":{"line":139,"column":2},"end":{"line":139,"column":null}},"85":{"start":{"line":143,"column":2},"end":{"line":143,"column":null}},"86":{"start":{"line":147,"column":2},"end":{"line":147,"column":null}},"87":{"start":{"line":151,"column":2},"end":{"line":155,"column":null}},"88":{"start":{"line":152,"column":14},"end":{"line":154,"column":null}},"89":{"start":{"line":153,"column":26},"end":{"line":153,"column":null}},"90":{"start":{"line":159,"column":12},"end":{"line":161,"column":null}},"91":{"start":{"line":162,"column":2},"end":{"line":171,"column":null}},"92":{"start":{"line":163,"column":8},"end":{"line":170,"column":null}},"93":{"start":{"line":164,"column":22},"end":{"line":164,"column":null}},"94":{"start":{"line":165,"column":14},"end":{"line":168,"column":null}},"95":{"start":{"line":166,"column":16},"end":{"line":166,"column":null}},"96":{"start":{"line":167,"column":16},"end":{"line":167,"column":null}},"97":{"start":{"line":172,"column":2},"end":{"line":172,"column":null}},"98":{"start":{"line":176,"column":2},"end":{"line":178,"column":null}},"99":{"start":{"line":177,"column":16},"end":{"line":177,"column":null}},"100":{"start":{"line":182,"column":12},"end":{"line":184,"column":null}},"101":{"start":{"line":185,"column":2},"end":{"line":196,"column":null}},"102":{"start":{"line":186,"column":8},"end":{"line":195,"column":null}},"103":{"start":{"line":187,"column":14},"end":{"line":194,"column":null}},"104":{"start":{"line":188,"column":28},"end":{"line":188,"column":null}},"105":{"start":{"line":189,"column":20},"end":{"line":192,"column":null}},"106":{"start":{"line":190,"column":22},"end":{"line":190,"column":null}},"107":{"start":{"line":191,"column":22},"end":{"line":191,"column":null}},"108":{"start":{"line":197,"column":2},"end":{"line":197,"column":null}},"109":{"start":{"line":201,"column":2},"end":{"line":203,"column":null}},"110":{"start":{"line":202,"column":16},"end":{"line":202,"column":null}},"111":{"start":{"line":207,"column":12},"end":{"line":209,"column":null}},"112":{"start":{"line":210,"column":2},"end":{"line":223,"column":null}},"113":{"start":{"line":211,"column":8},"end":{"line":222,"column":null}},"114":{"start":{"line":212,"column":14},"end":{"line":221,"column":null}},"115":{"start":{"line":213,"column":20},"end":{"line":220,"column":null}},"116":{"start":{"line":214,"column":34},"end":{"line":214,"column":null}},"117":{"start":{"line":215,"column":26},"end":{"line":218,"column":null}},"118":{"start":{"line":216,"column":28},"end":{"line":216,"column":null}},"119":{"start":{"line":217,"column":28},"end":{"line":217,"column":null}},"120":{"start":{"line":224,"column":2},"end":{"line":224,"column":null}},"121":{"start":{"line":228,"column":2},"end":{"line":230,"column":null}},"122":{"start":{"line":229,"column":16},"end":{"line":229,"column":null}},"123":{"start":{"line":233,"column":13},"end":{"line":233,"column":30}}},"fnMap":{"0":{"name":"append","decl":{"start":{"line":9,"column":9},"end":{"line":9,"column":16}},"loc":{"start":{"line":9,"column":28},"end":{"line":11,"column":null}}},"1":{"name":"headUnsafe","decl":{"start":{"line":13,"column":9},"end":{"line":13,"column":20}},"loc":{"start":{"line":13,"column":23},"end":{"line":15,"column":null}}},"2":{"name":"lastUnsafe","decl":{"start":{"line":17,"column":9},"end":{"line":17,"column":20}},"loc":{"start":{"line":17,"column":22},"end":{"line":19,"column":null}}},"3":{"name":"tail","decl":{"start":{"line":21,"column":9},"end":{"line":21,"column":14}},"loc":{"start":{"line":21,"column":17},"end":{"line":23,"column":null}}},"4":{"name":"init","decl":{"start":{"line":25,"column":9},"end":{"line":25,"column":14}},"loc":{"start":{"line":25,"column":16},"end":{"line":32,"column":null}}},"5":{"name":"uncons","decl":{"start":{"line":34,"column":9},"end":{"line":34,"column":16}},"loc":{"start":{"line":34,"column":18},"end":{"line":42,"column":null}}},"6":{"name":"singleton","decl":{"start":{"line":44,"column":9},"end":{"line":44,"column":19}},"loc":{"start":{"line":44,"column":22},"end":{"line":46,"column":null}}},"7":{"name":"take","decl":{"start":{"line":48,"column":9},"end":{"line":48,"column":14}},"loc":{"start":{"line":48,"column":19},"end":{"line":54,"column":null}}},"8":{"name":"takeExactly","decl":{"start":{"line":56,"column":9},"end":{"line":56,"column":21}},"loc":{"start":{"line":56,"column":26},"end":{"line":62,"column":null}}},"9":{"name":"takeWhile","decl":{"start":{"line":64,"column":9},"end":{"line":64,"column":19}},"loc":{"start":{"line":64,"column":34},"end":{"line":71,"column":null}}},"10":{"name":"(anonymous_41)","decl":{"start":{"line":65,"column":37},"end":{"line":65,"column":47}},"loc":{"start":{"line":65,"column":59},"end":{"line":70,"column":null}}},"11":{"name":"drop","decl":{"start":{"line":73,"column":9},"end":{"line":73,"column":14}},"loc":{"start":{"line":73,"column":19},"end":{"line":79,"column":null}}},"12":{"name":"dropExactly","decl":{"start":{"line":81,"column":9},"end":{"line":81,"column":21}},"loc":{"start":{"line":81,"column":26},"end":{"line":87,"column":null}}},"13":{"name":"dropWhile","decl":{"start":{"line":89,"column":9},"end":{"line":89,"column":19}},"loc":{"start":{"line":89,"column":34},"end":{"line":96,"column":null}}},"14":{"name":"(anonymous_45)","decl":{"start":{"line":90,"column":37},"end":{"line":90,"column":47}},"loc":{"start":{"line":90,"column":59},"end":{"line":95,"column":null}}},"15":{"name":"tails","decl":{"start":{"line":98,"column":9},"end":{"line":98,"column":15}},"loc":{"start":{"line":98,"column":17},"end":{"line":104,"column":null}}},"16":{"name":"uniqBy","decl":{"start":{"line":106,"column":9},"end":{"line":106,"column":16}},"loc":{"start":{"line":106,"column":26},"end":{"line":122,"column":null}}},"17":{"name":"(anonymous_48)","decl":{"start":{"line":111,"column":33},"end":{"line":111,"column":42}},"loc":{"start":{"line":111,"column":47},"end":{"line":115,"column":10}}},"18":{"name":"(anonymous_49)","decl":{"start":{"line":112,"column":15},"end":{"line":112,"column":25}},"loc":{"start":{"line":112,"column":26},"end":{"line":114,"column":null}}},"19":{"name":"uniq","decl":{"start":{"line":124,"column":9},"end":{"line":124,"column":14}},"loc":{"start":{"line":124,"column":16},"end":{"line":128,"column":null}}},"20":{"name":"(anonymous_51)","decl":{"start":{"line":125,"column":21},"end":{"line":125,"column":31}},"loc":{"start":{"line":125,"column":38},"end":{"line":127,"column":null}}},"21":{"name":"scanl","decl":{"start":{"line":130,"column":9},"end":{"line":130,"column":15}},"loc":{"start":{"line":130,"column":30},"end":{"line":140,"column":null}}},"22":{"name":"arrayToOption","decl":{"start":{"line":142,"column":9},"end":{"line":142,"column":23}},"loc":{"start":{"line":142,"column":26},"end":{"line":144,"column":null}}},"23":{"name":"$$return","decl":{"start":{"line":146,"column":9},"end":{"line":146,"column":18}},"loc":{"start":{"line":146,"column":19},"end":{"line":148,"column":null}}},"24":{"name":"liftM2","decl":{"start":{"line":150,"column":9},"end":{"line":150,"column":16}},"loc":{"start":{"line":150,"column":25},"end":{"line":156,"column":null}}},"25":{"name":"(anonymous_56)","decl":{"start":{"line":151,"column":20},"end":{"line":151,"column":30}},"loc":{"start":{"line":151,"column":32},"end":{"line":155,"column":null}}},"26":{"name":"(anonymous_57)","decl":{"start":{"line":152,"column":32},"end":{"line":152,"column":42}},"loc":{"start":{"line":152,"column":44},"end":{"line":154,"column":null}}},"27":{"name":"combinationIf2","decl":{"start":{"line":158,"column":9},"end":{"line":158,"column":24}},"loc":{"start":{"line":158,"column":31},"end":{"line":173,"column":null}}},"28":{"name":"(anonymous_59)","decl":{"start":{"line":162,"column":12},"end":{"line":162,"column":22}},"loc":{"start":{"line":162,"column":23},"end":{"line":171,"column":null}}},"29":{"name":"(anonymous_60)","decl":{"start":{"line":163,"column":18},"end":{"line":163,"column":28}},"loc":{"start":{"line":163,"column":29},"end":{"line":170,"column":null}}},"30":{"name":"combination2","decl":{"start":{"line":175,"column":9},"end":{"line":175,"column":22}},"loc":{"start":{"line":175,"column":29},"end":{"line":179,"column":null}}},"31":{"name":"(anonymous_62)","decl":{"start":{"line":176,"column":31},"end":{"line":176,"column":41}},"loc":{"start":{"line":176,"column":45},"end":{"line":178,"column":null}}},"32":{"name":"combinationIf3","decl":{"start":{"line":181,"column":9},"end":{"line":181,"column":24}},"loc":{"start":{"line":181,"column":34},"end":{"line":198,"column":null}}},"33":{"name":"(anonymous_64)","decl":{"start":{"line":185,"column":12},"end":{"line":185,"column":22}},"loc":{"start":{"line":185,"column":23},"end":{"line":196,"column":null}}},"34":{"name":"(anonymous_65)","decl":{"start":{"line":186,"column":18},"end":{"line":186,"column":28}},"loc":{"start":{"line":186,"column":29},"end":{"line":195,"column":null}}},"35":{"name":"(anonymous_66)","decl":{"start":{"line":187,"column":24},"end":{"line":187,"column":34}},"loc":{"start":{"line":187,"column":35},"end":{"line":194,"column":null}}},"36":{"name":"combinationArray3","decl":{"start":{"line":200,"column":9},"end":{"line":200,"column":27}},"loc":{"start":{"line":200,"column":37},"end":{"line":204,"column":null}}},"37":{"name":"(anonymous_68)","decl":{"start":{"line":201,"column":34},"end":{"line":201,"column":44}},"loc":{"start":{"line":201,"column":51},"end":{"line":203,"column":null}}},"38":{"name":"combinationIf4","decl":{"start":{"line":206,"column":9},"end":{"line":206,"column":24}},"loc":{"start":{"line":206,"column":37},"end":{"line":225,"column":null}}},"39":{"name":"(anonymous_70)","decl":{"start":{"line":210,"column":12},"end":{"line":210,"column":22}},"loc":{"start":{"line":210,"column":23},"end":{"line":223,"column":null}}},"40":{"name":"(anonymous_71)","decl":{"start":{"line":211,"column":18},"end":{"line":211,"column":28}},"loc":{"start":{"line":211,"column":29},"end":{"line":222,"column":null}}},"41":{"name":"(anonymous_72)","decl":{"start":{"line":212,"column":24},"end":{"line":212,"column":34}},"loc":{"start":{"line":212,"column":35},"end":{"line":221,"column":null}}},"42":{"name":"(anonymous_73)","decl":{"start":{"line":213,"column":30},"end":{"line":213,"column":40}},"loc":{"start":{"line":213,"column":41},"end":{"line":220,"column":null}}},"43":{"name":"combination4","decl":{"start":{"line":227,"column":9},"end":{"line":227,"column":22}},"loc":{"start":{"line":227,"column":35},"end":{"line":231,"column":null}}},"44":{"name":"(anonymous_75)","decl":{"start":{"line":228,"column":37},"end":{"line":228,"column":47}},"loc":{"start":{"line":228,"column":57},"end":{"line":230,"column":null}}}},"branchMap":{"0":{"loc":{"start":{"line":27,"column":2},"end":{"line":31,"column":null}},"type":"if","locations":[{"start":{"line":27,"column":2},"end":{"line":31,"column":null}},{"start":{"line":29,"column":9},"end":{"line":31,"column":null}}]},"1":{"loc":{"start":{"line":35,"column":2},"end":{"line":40,"column":null}},"type":"if","locations":[{"start":{"line":35,"column":2},"end":{"line":40,"column":null}}]},"2":{"loc":{"start":{"line":50,"column":12},"end":{"line":51,"column":null}},"type":"cond-expr","locations":[{"start":{"line":50,"column":20},"end":{"line":50,"column":null}},{"start":{"line":51,"column":6},"end":{"line":51,"column":null}}]},"3":{"loc":{"start":{"line":51,"column":6},"end":{"line":51,"column":null}},"type":"cond-expr","locations":[{"start":{"line":51,"column":14},"end":{"line":51,"column":18}},{"start":{"line":51,"column":18},"end":{"line":51,"column":null}}]},"4":{"loc":{"start":{"line":57,"column":2},"end":{"line":61,"column":null}},"type":"if","locations":[{"start":{"line":57,"column":2},"end":{"line":61,"column":null}},{"start":{"line":59,"column":9},"end":{"line":61,"column":null}}]},"5":{"loc":{"start":{"line":57,"column":6},"end":{"line":57,"column":28}},"type":"binary-expr","locations":[{"start":{"line":57,"column":6},"end":{"line":57,"column":15}},{"start":{"line":57,"column":15},"end":{"line":57,"column":28}}]},"6":{"loc":{"start":{"line":66,"column":16},"end":{"line":68,"column":null}},"type":"if","locations":[{"start":{"line":66,"column":16},"end":{"line":68,"column":null}}]},"7":{"loc":{"start":{"line":75,"column":14},"end":{"line":76,"column":null}},"type":"cond-expr","locations":[{"start":{"line":75,"column":22},"end":{"line":75,"column":null}},{"start":{"line":76,"column":6},"end":{"line":76,"column":null}}]},"8":{"loc":{"start":{"line":76,"column":6},"end":{"line":76,"column":null}},"type":"cond-expr","locations":[{"start":{"line":76,"column":14},"end":{"line":76,"column":18}},{"start":{"line":76,"column":18},"end":{"line":76,"column":null}}]},"9":{"loc":{"start":{"line":82,"column":2},"end":{"line":86,"column":null}},"type":"if","locations":[{"start":{"line":82,"column":2},"end":{"line":86,"column":null}},{"start":{"line":84,"column":9},"end":{"line":86,"column":null}}]},"10":{"loc":{"start":{"line":82,"column":6},"end":{"line":82,"column":28}},"type":"binary-expr","locations":[{"start":{"line":82,"column":6},"end":{"line":82,"column":15}},{"start":{"line":82,"column":15},"end":{"line":82,"column":28}}]},"11":{"loc":{"start":{"line":91,"column":16},"end":{"line":93,"column":null}},"type":"if","locations":[{"start":{"line":91,"column":16},"end":{"line":93,"column":null}}]},"12":{"loc":{"start":{"line":99,"column":2},"end":{"line":103,"column":null}},"type":"if","locations":[{"start":{"line":99,"column":2},"end":{"line":103,"column":null}},{"start":{"line":101,"column":9},"end":{"line":103,"column":null}}]},"13":{"loc":{"start":{"line":116,"column":4},"end":{"line":118,"column":null}},"type":"if","locations":[{"start":{"line":116,"column":4},"end":{"line":118,"column":null}}]},"14":{"loc":{"start":{"line":132,"column":2},"end":{"line":138,"column":null}},"type":"if","locations":[{"start":{"line":132,"column":2},"end":{"line":138,"column":null}},{"start":{"line":134,"column":9},"end":{"line":138,"column":null}}]},"15":{"loc":{"start":{"line":165,"column":14},"end":{"line":168,"column":null}},"type":"if","locations":[{"start":{"line":165,"column":14},"end":{"line":168,"column":null}}]},"16":{"loc":{"start":{"line":189,"column":20},"end":{"line":192,"column":null}},"type":"if","locations":[{"start":{"line":189,"column":20},"end":{"line":192,"column":null}}]},"17":{"loc":{"start":{"line":215,"column":26},"end":{"line":218,"column":null}},"type":"if","locations":[{"start":{"line":215,"column":26},"end":{"line":218,"column":null}}]}},"s":{"0":1,"1":1,"2":1,"3":1,"4":1,"5":1,"6":1,"7":1,"8":1,"9":1,"10":1,"11":1,"12":1,"13":1,"14":1,"15":1,"16":1,"17":1,"18":1,"19":1,"20":1,"21":1,"22":1,"23":1,"24":1,"25":1,"26":1,"27":1,"28":1,"29":1,"30":1,"31":1,"32":1,"33":0,"34":0,"35":0,"36":0,"37":0,"38":0,"39":0,"40":0,"41":0,"42":2,"43":0,"44":0,"45":0,"46":0,"47":0,"48":0,"49":0,"50":0,"51":0,"52":0,"53":0,"54":0,"55":0,"56":0,"57":0,"58":0,"59":0,"60":0,"61":0,"62":0,"63":0,"64":0,"65":0,"66":0,"67":0,"68":0,"69":0,"70":0,"71":0,"72":0,"73":0,"74":0,"75":0,"76":0,"77":0,"78":0,"79":0,"80":0,"81":0,"82":0,"83":0,"84":0,"85":0,"86":0,"87":0,"88":0,"89":0,"90":0,"91":0,"92":0,"93":0,"94":0,"95":0,"96":0,"97":0,"98":0,"99":0,"100":0,"101":0,"102":0,"103":0,"104":0,"105":0,"106":0,"107":0,"108":0,"109":0,"110":0,"111":0,"112":0,"113":0,"114":0,"115":0,"116":0,"117":0,"118":0,"119":0,"120":0,"121":0,"122":0,"123":1},"f":{"0":1,"1":0,"2":0,"3":0,"4":0,"5":0,"6":2,"7":0,"8":0,"9":0,"10":0,"11":0,"12":0,"13":0,"14":0,"15":0,"16":0,"17":0,"18":0,"19":0,"20":0,"21":0,"22":0,"23":0,"24":0,"25":0,"26":0,"27":0,"28":0,"29":0,"30":0,"31":0,"32":0,"33":0,"34":0,"35":0,"36":0,"37":0,"38":0,"39":0,"40":0,"41":0,"42":0,"43":0,"44":0},"b":{"0":[0,0],"1":[0],"2":[0,0],"3":[0,0],"4":[0,0],"5":[0,0],"6":[0],"7":[0,0],"8":[0,0],"9":[0,0],"10":[0,0],"11":[0],"12":[0,0],"13":[0],"14":[0,0],"15":[0],"16":[0],"17":[0]}}
,"/Users/dsiu/code/playground/rescript-stdlib-fp/src/Stdlib_Int.mjs": {"path":"/Users/dsiu/code/playground/rescript-stdlib-fp/src/Stdlib_Int.mjs","statementMap":{"0":{"start":{"line":81,"column":2},"end":{"line":81,"column":11}},"1":{"start":{"line":72,"column":2},"end":{"line":72,"column":10}},"2":{"start":{"line":65,"column":2},"end":{"line":65,"column":5}},"3":{"start":{"line":87,"column":2},"end":{"line":87,"column":7}},"4":{"start":{"line":80,"column":2},"end":{"line":80,"column":12}},"5":{"start":{"line":83,"column":2},"end":{"line":83,"column":9}},"6":{"start":{"line":68,"column":2},"end":{"line":68,"column":8}},"7":{"start":{"line":69,"column":2},"end":{"line":69,"column":13}},"8":{"start":{"line":82,"column":2},"end":{"line":82,"column":7}},"9":{"start":{"line":84,"column":2},"end":{"line":84,"column":12}},"10":{"start":{"line":79,"column":2},"end":{"line":79,"column":9}},"11":{"start":{"line":77,"column":2},"end":{"line":77,"column":8}},"12":{"start":{"line":78,"column":2},"end":{"line":78,"column":7}},"13":{"start":{"line":75,"column":2},"end":{"line":75,"column":9}},"14":{"start":{"line":63,"column":2},"end":{"line":63,"column":14}},"15":{"start":{"line":76,"column":2},"end":{"line":76,"column":9}},"16":{"start":{"line":64,"column":2},"end":{"line":64,"column":14}},"17":{"start":{"line":73,"column":2},"end":{"line":73,"column":8}},"18":{"start":{"line":67,"column":2},"end":{"line":67,"column":10}},"19":{"start":{"line":71,"column":2},"end":{"line":71,"column":8}},"20":{"start":{"line":62,"column":2},"end":{"line":62,"column":5}},"21":{"start":{"line":70,"column":2},"end":{"line":70,"column":7}},"22":{"start":{"line":85,"column":2},"end":{"line":85,"column":7}},"23":{"start":{"line":86,"column":2},"end":{"line":86,"column":18}},"24":{"start":{"line":74,"column":2},"end":{"line":74,"column":11}},"25":{"start":{"line":66,"column":2},"end":{"line":66,"column":10}},"26":{"start":{"line":61,"column":2},"end":{"line":61,"column":6}},"27":{"start":{"line":3,"column":27},"end":{"line":3,"column":null}},"28":{"start":{"line":4,"column":31},"end":{"line":4,"column":null}},"29":{"start":{"line":6,"column":11},"end":{"line":6,"column":29}},"30":{"start":{"line":8,"column":10},"end":{"line":8,"column":27}},"31":{"start":{"line":10,"column":19},"end":{"line":10,"column":45}},"32":{"start":{"line":12,"column":19},"end":{"line":12,"column":45}},"33":{"start":{"line":14,"column":10},"end":{"line":14,"column":27}},"34":{"start":{"line":16,"column":15},"end":{"line":16,"column":37}},"35":{"start":{"line":18,"column":15},"end":{"line":18,"column":37}},"36":{"start":{"line":20,"column":13},"end":{"line":20,"column":33}},"37":{"start":{"line":22,"column":18},"end":{"line":22,"column":43}},"38":{"start":{"line":24,"column":12},"end":{"line":24,"column":31}},"39":{"start":{"line":26,"column":13},"end":{"line":26,"column":33}},"40":{"start":{"line":28,"column":15},"end":{"line":28,"column":37}},"41":{"start":{"line":30,"column":13},"end":{"line":30,"column":33}},"42":{"start":{"line":32,"column":16},"end":{"line":32,"column":39}},"43":{"start":{"line":34,"column":14},"end":{"line":34,"column":35}},"44":{"start":{"line":36,"column":14},"end":{"line":36,"column":35}},"45":{"start":{"line":38,"column":13},"end":{"line":38,"column":33}},"46":{"start":{"line":40,"column":12},"end":{"line":40,"column":31}},"47":{"start":{"line":42,"column":14},"end":{"line":42,"column":35}},"48":{"start":{"line":44,"column":17},"end":{"line":44,"column":41}},"49":{"start":{"line":46,"column":16},"end":{"line":46,"column":35}},"50":{"start":{"line":48,"column":12},"end":{"line":48,"column":27}},"51":{"start":{"line":50,"column":14},"end":{"line":50,"column":31}},"52":{"start":{"line":52,"column":17},"end":{"line":52,"column":37}},"53":{"start":{"line":54,"column":12},"end":{"line":54,"column":27}},"54":{"start":{"line":56,"column":23},"end":{"line":56,"column":49}},"55":{"start":{"line":58,"column":12},"end":{"line":58,"column":27}}},"fnMap":{},"branchMap":{},"s":{"0":0,"1":0,"2":2,"3":0,"4":2,"5":13,"6":0,"7":0,"8":0,"9":0,"10":0,"11":19,"12":2,"13":0,"14":0,"15":0,"16":0,"17":0,"18":0,"19":1,"20":0,"21":0,"22":0,"23":0,"24":0,"25":0,"26":2,"27":1,"28":1,"29":1,"30":1,"31":1,"32":1,"33":1,"34":1,"35":1,"36":1,"37":1,"38":1,"39":1,"40":1,"41":1,"42":1,"43":1,"44":1,"45":1,"46":1,"47":1,"48":1,"49":1,"50":1,"51":1,"52":1,"53":1,"54":1,"55":1},"f":{},"b":{}}
,"/Users/dsiu/code/playground/rescript-stdlib-fp/src/Tablecloth/TableclothArray.mjs": {"path":"/Users/dsiu/code/playground/rescript-stdlib-fp/src/Tablecloth/TableclothArray.mjs","statementMap":{"0":{"start":{"line":473,"column":2},"end":{"line":473,"column":5}},"1":{"start":{"line":472,"column":2},"end":{"line":472,"column":5}},"2":{"start":{"line":489,"column":2},"end":{"line":489,"column":8}},"3":{"start":{"line":502,"column":2},"end":{"line":502,"column":10}},"4":{"start":{"line":459,"column":2},"end":{"line":459,"column":7}},"5":{"start":{"line":474,"column":2},"end":{"line":474,"column":7}},"6":{"start":{"line":508,"column":2},"end":{"line":508,"column":7}},"7":{"start":{"line":480,"column":2},"end":{"line":480,"column":8}},"8":{"start":{"line":484,"column":2},"end":{"line":484,"column":8}},"9":{"start":{"line":485,"column":2},"end":{"line":485,"column":11}},"10":{"start":{"line":475,"column":2},"end":{"line":475,"column":6}},"11":{"start":{"line":476,"column":2},"end":{"line":476,"column":11}},"12":{"start":{"line":464,"column":2},"end":{"line":464,"column":7}},"13":{"start":{"line":486,"column":2},"end":{"line":486,"column":9}},"14":{"start":{"line":490,"column":2},"end":{"line":490,"column":9}},"15":{"start":{"line":487,"column":2},"end":{"line":487,"column":6}},"16":{"start":{"line":488,"column":2},"end":{"line":488,"column":11}},"17":{"start":{"line":498,"column":2},"end":{"line":498,"column":9}},"18":{"start":{"line":499,"column":2},"end":{"line":499,"column":18}},"19":{"start":{"line":458,"column":2},"end":{"line":458,"column":10}},"20":{"start":{"line":460,"column":2},"end":{"line":460,"column":5}},"21":{"start":{"line":461,"column":2},"end":{"line":461,"column":7}},"22":{"start":{"line":505,"column":2},"end":{"line":505,"column":9}},"23":{"start":{"line":477,"column":2},"end":{"line":477,"column":10}},"24":{"start":{"line":457,"column":2},"end":{"line":457,"column":12}},"25":{"start":{"line":501,"column":2},"end":{"line":501,"column":13}},"26":{"start":{"line":470,"column":2},"end":{"line":470,"column":9}},"27":{"start":{"line":504,"column":2},"end":{"line":504,"column":6}},"28":{"start":{"line":465,"column":2},"end":{"line":465,"column":6}},"29":{"start":{"line":471,"column":2},"end":{"line":471,"column":8}},"30":{"start":{"line":482,"column":2},"end":{"line":482,"column":5}},"31":{"start":{"line":492,"column":2},"end":{"line":492,"column":6}},"32":{"start":{"line":493,"column":2},"end":{"line":493,"column":6}},"33":{"start":{"line":483,"column":2},"end":{"line":483,"column":14}},"34":{"start":{"line":479,"column":2},"end":{"line":479,"column":9}},"35":{"start":{"line":478,"column":2},"end":{"line":478,"column":9}},"36":{"start":{"line":494,"column":2},"end":{"line":494,"column":11}},"37":{"start":{"line":456,"column":2},"end":{"line":456,"column":7}},"38":{"start":{"line":455,"column":2},"end":{"line":455,"column":8}},"39":{"start":{"line":468,"column":2},"end":{"line":468,"column":9}},"40":{"start":{"line":462,"column":2},"end":{"line":462,"column":5}},"41":{"start":{"line":463,"column":2},"end":{"line":463,"column":7}},"42":{"start":{"line":454,"column":2},"end":{"line":454,"column":11}},"43":{"start":{"line":466,"column":2},"end":{"line":466,"column":7}},"44":{"start":{"line":503,"column":2},"end":{"line":503,"column":9}},"45":{"start":{"line":469,"column":2},"end":{"line":469,"column":6}},"46":{"start":{"line":495,"column":2},"end":{"line":495,"column":9}},"47":{"start":{"line":496,"column":2},"end":{"line":496,"column":11}},"48":{"start":{"line":481,"column":2},"end":{"line":481,"column":5}},"49":{"start":{"line":467,"column":2},"end":{"line":467,"column":6}},"50":{"start":{"line":507,"column":2},"end":{"line":507,"column":15}},"51":{"start":{"line":506,"column":2},"end":{"line":506,"column":8}},"52":{"start":{"line":497,"column":2},"end":{"line":497,"column":7}},"53":{"start":{"line":500,"column":2},"end":{"line":500,"column":8}},"54":{"start":{"line":491,"column":2},"end":{"line":491,"column":5}},"55":{"start":{"line":3,"column":22},"end":{"line":3,"column":null}},"56":{"start":{"line":4,"column":25},"end":{"line":4,"column":null}},"57":{"start":{"line":5,"column":23},"end":{"line":5,"column":null}},"58":{"start":{"line":6,"column":26},"end":{"line":6,"column":null}},"59":{"start":{"line":7,"column":28},"end":{"line":7,"column":null}},"60":{"start":{"line":8,"column":28},"end":{"line":8,"column":null}},"61":{"start":{"line":9,"column":28},"end":{"line":9,"column":null}},"62":{"start":{"line":10,"column":28},"end":{"line":10,"column":null}},"63":{"start":{"line":11,"column":29},"end":{"line":11,"column":null}},"64":{"start":{"line":12,"column":29},"end":{"line":12,"column":null}},"65":{"start":{"line":13,"column":31},"end":{"line":13,"column":null}},"66":{"start":{"line":14,"column":32},"end":{"line":14,"column":null}},"67":{"start":{"line":17,"column":2},"end":{"line":17,"column":null}},"68":{"start":{"line":21,"column":2},"end":{"line":21,"column":null}},"69":{"start":{"line":25,"column":2},"end":{"line":27,"column":null}},"70":{"start":{"line":26,"column":14},"end":{"line":26,"column":null}},"71":{"start":{"line":31,"column":2},"end":{"line":31,"column":null}},"72":{"start":{"line":34,"column":17},"end":{"line":34,"column":44}},"73":{"start":{"line":37,"column":13},"end":{"line":37,"column":null}},"74":{"start":{"line":38,"column":2},"end":{"line":40,"column":null}},"75":{"start":{"line":39,"column":16},"end":{"line":39,"column":null}},"76":{"start":{"line":43,"column":15},"end":{"line":43,"column":33}},"77":{"start":{"line":45,"column":13},"end":{"line":45,"column":33}},"78":{"start":{"line":48,"column":2},"end":{"line":63,"column":null}},"79":{"start":{"line":52,"column":26},"end":{"line":52,"column":34}},"80":{"start":{"line":53,"column":18},"end":{"line":62,"column":null}},"81":{"start":{"line":66,"column":10},"end":{"line":66,"column":27}},"82":{"start":{"line":69,"column":2},"end":{"line":69,"column":null}},"83":{"start":{"line":73,"column":2},"end":{"line":73,"column":null}},"84":{"start":{"line":77,"column":2},"end":{"line":77,"column":null}},"85":{"start":{"line":80,"column":10},"end":{"line":80,"column":24}},"86":{"start":{"line":82,"column":12},"end":{"line":82,"column":26}},"87":{"start":{"line":85,"column":2},"end":{"line":85,"column":null}},"88":{"start":{"line":89,"column":13},"end":{"line":89,"column":null}},"89":{"start":{"line":90,"column":2},"end":{"line":90,"column":null}},"90":{"start":{"line":91,"column":2},"end":{"line":91,"column":null}},"91":{"start":{"line":95,"column":2},"end":{"line":95,"column":null}},"92":{"start":{"line":99,"column":2},"end":{"line":99,"column":null}},"93":{"start":{"line":103,"column":2},"end":{"line":109,"column":null}},"94":{"start":{"line":104,"column":16},"end":{"line":108,"column":null}},"95":{"start":{"line":105,"column":18},"end":{"line":105,"column":null}},"96":{"start":{"line":107,"column":18},"end":{"line":107,"column":null}},"97":{"start":{"line":113,"column":2},"end":{"line":119,"column":null}},"98":{"start":{"line":114,"column":16},"end":{"line":118,"column":null}},"99":{"start":{"line":115,"column":18},"end":{"line":115,"column":null}},"100":{"start":{"line":117,"column":18},"end":{"line":117,"column":null}},"101":{"start":{"line":123,"column":2},"end":{"line":136,"column":null}},"102":{"start":{"line":124,"column":16},"end":{"line":129,"column":null}},"103":{"start":{"line":125,"column":18},"end":{"line":128,"column":null}},"104":{"start":{"line":130,"column":26},"end":{"line":130,"column":34}},"105":{"start":{"line":131,"column":26},"end":{"line":131,"column":34}},"106":{"start":{"line":132,"column":16},"end":{"line":135,"column":null}},"107":{"start":{"line":140,"column":2},"end":{"line":140,"column":null}},"108":{"start":{"line":144,"column":2},"end":{"line":144,"column":null}},"109":{"start":{"line":148,"column":2},"end":{"line":148,"column":null}},"110":{"start":{"line":151,"column":11},"end":{"line":151,"column":27}},"111":{"start":{"line":154,"column":18},"end":{"line":163,"column":null}},"112":{"start":{"line":158,"column":10},"end":{"line":162,"column":null}},"113":{"start":{"line":159,"column":12},"end":{"line":159,"column":null}},"114":{"start":{"line":161,"column":12},"end":{"line":161,"column":null}},"115":{"start":{"line":164,"column":2},"end":{"line":166,"column":null}},"116":{"start":{"line":165,"column":16},"end":{"line":165,"column":null}},"117":{"start":{"line":170,"column":2},"end":{"line":175,"column":null}},"118":{"start":{"line":171,"column":16},"end":{"line":174,"column":null}},"119":{"start":{"line":179,"column":2},"end":{"line":179,"column":null}},"120":{"start":{"line":183,"column":13},"end":{"line":183,"column":null}},"121":{"start":{"line":184,"column":10},"end":{"line":184,"column":18}},"122":{"start":{"line":185,"column":2},"end":{"line":193,"column":null}},"123":{"start":{"line":186,"column":4},"end":{"line":186,"column":null}},"124":{"start":{"line":188,"column":4},"end":{"line":192,"column":null}},"125":{"start":{"line":189,"column":18},"end":{"line":191,"column":null}},"126":{"start":{"line":190,"column":32},"end":{"line":190,"column":null}},"127":{"start":{"line":197,"column":15},"end":{"line":197,"column":23}},"128":{"start":{"line":198,"column":11},"end":{"line":198,"column":null}},"129":{"start":{"line":199,"column":2},"end":{"line":209,"column":null}},"130":{"start":{"line":200,"column":12},"end":{"line":200,"column":null}},"131":{"start":{"line":201,"column":4},"end":{"line":203,"column":null}},"132":{"start":{"line":202,"column":6},"end":{"line":202,"column":null}},"133":{"start":{"line":204,"column":4},"end":{"line":206,"column":null}},"134":{"start":{"line":205,"column":6},"end":{"line":205,"column":null}},"135":{"start":{"line":207,"column":4},"end":{"line":207,"column":null}},"136":{"start":{"line":208,"column":4},"end":{"line":208,"column":null}},"137":{"start":{"line":213,"column":15},"end":{"line":213,"column":null}},"138":{"start":{"line":214,"column":2},"end":{"line":227,"column":null}},"139":{"start":{"line":215,"column":16},"end":{"line":215,"column":null}},"140":{"start":{"line":216,"column":4},"end":{"line":218,"column":null}},"141":{"start":{"line":217,"column":6},"end":{"line":217,"column":null}},"142":{"start":{"line":219,"column":4},"end":{"line":224,"column":null}},"143":{"start":{"line":220,"column":6},"end":{"line":223,"column":null}},"144":{"start":{"line":225,"column":4},"end":{"line":225,"column":null}},"145":{"start":{"line":226,"column":4},"end":{"line":226,"column":null}},"146":{"start":{"line":231,"column":2},"end":{"line":231,"column":null}},"147":{"start":{"line":235,"column":2},"end":{"line":235,"column":null}},"148":{"start":{"line":239,"column":2},"end":{"line":241,"column":null}},"149":{"start":{"line":240,"column":14},"end":{"line":240,"column":null}},"150":{"start":{"line":245,"column":2},"end":{"line":245,"column":null}},"151":{"start":{"line":249,"column":2},"end":{"line":249,"column":null}},"152":{"start":{"line":253,"column":2},"end":{"line":259,"column":null}},"153":{"start":{"line":254,"column":16},"end":{"line":258,"column":null}},"154":{"start":{"line":255,"column":18},"end":{"line":255,"column":null}},"155":{"start":{"line":257,"column":18},"end":{"line":257,"column":null}},"156":{"start":{"line":263,"column":18},"end":{"line":263,"column":56}},"157":{"start":{"line":264,"column":18},"end":{"line":266,"column":null}},"158":{"start":{"line":267,"column":16},"end":{"line":269,"column":null}},"159":{"start":{"line":270,"column":2},"end":{"line":276,"column":null}},"160":{"start":{"line":271,"column":4},"end":{"line":271,"column":null}},"161":{"start":{"line":273,"column":4},"end":{"line":275,"column":null}},"162":{"start":{"line":274,"column":18},"end":{"line":274,"column":null}},"163":{"start":{"line":280,"column":2},"end":{"line":284,"column":null}},"164":{"start":{"line":281,"column":16},"end":{"line":283,"column":null}},"165":{"start":{"line":288,"column":2},"end":{"line":288,"column":null}},"166":{"start":{"line":292,"column":2},"end":{"line":292,"column":null}},"167":{"start":{"line":296,"column":2},"end":{"line":296,"column":null}},"168":{"start":{"line":300,"column":2},"end":{"line":302,"column":null}},"169":{"start":{"line":300,"column":14},"end":{"line":300,"column":17}},"170":{"start":{"line":300,"column":28},"end":{"line":300,"column":36}},"171":{"start":{"line":301,"column":4},"end":{"line":301,"column":null}},"172":{"start":{"line":306,"column":14},"end":{"line":329,"column":null}},"173":{"start":{"line":310,"column":23},"end":{"line":310,"column":31}},"174":{"start":{"line":311,"column":22},"end":{"line":311,"column":30}},"175":{"start":{"line":312,"column":10},"end":{"line":328,"column":null}},"176":{"start":{"line":313,"column":12},"end":{"line":319,"column":null}},"177":{"start":{"line":321,"column":12},"end":{"line":327,"column":null}},"178":{"start":{"line":330,"column":2},"end":{"line":333,"column":null}},"179":{"start":{"line":337,"column":2},"end":{"line":340,"column":null}},"180":{"start":{"line":344,"column":14},"end":{"line":346,"column":null}},"181":{"start":{"line":345,"column":10},"end":{"line":345,"column":null}},"182":{"start":{"line":347,"column":2},"end":{"line":354,"column":null}},"183":{"start":{"line":348,"column":4},"end":{"line":348,"column":null}},"184":{"start":{"line":350,"column":4},"end":{"line":353,"column":null}},"185":{"start":{"line":358,"column":2},"end":{"line":365,"column":null}},"186":{"start":{"line":360,"column":18},"end":{"line":360,"column":null}},"187":{"start":{"line":363,"column":18},"end":{"line":363,"column":null}},"188":{"start":{"line":369,"column":2},"end":{"line":371,"column":null}},"189":{"start":{"line":370,"column":16},"end":{"line":370,"column":null}},"190":{"start":{"line":375,"column":15},"end":{"line":385,"column":null}},"191":{"start":{"line":376,"column":26},"end":{"line":376,"column":null}},"192":{"start":{"line":377,"column":14},"end":{"line":384,"column":null}},"193":{"start":{"line":378,"column":16},"end":{"line":381,"column":null}},"194":{"start":{"line":383,"column":16},"end":{"line":383,"column":null}},"195":{"start":{"line":386,"column":2},"end":{"line":386,"column":null}},"196":{"start":{"line":387,"column":2},"end":{"line":387,"column":null}},"197":{"start":{"line":391,"column":2},"end":{"line":391,"column":null}},"198":{"start":{"line":395,"column":15},"end":{"line":404,"column":null}},"199":{"start":{"line":396,"column":14},"end":{"line":403,"column":null}},"200":{"start":{"line":397,"column":16},"end":{"line":400,"column":null}},"201":{"start":{"line":402,"column":16},"end":{"line":402,"column":null}},"202":{"start":{"line":405,"column":2},"end":{"line":405,"column":null}},"203":{"start":{"line":406,"column":2},"end":{"line":406,"column":null}},"204":{"start":{"line":410,"column":2},"end":{"line":410,"column":null}},"205":{"start":{"line":414,"column":2},"end":{"line":429,"column":null}},"206":{"start":{"line":415,"column":26},"end":{"line":415,"column":null}},"207":{"start":{"line":416,"column":16},"end":{"line":428,"column":null}},"208":{"start":{"line":417,"column":30},"end":{"line":427,"column":null}},"209":{"start":{"line":418,"column":32},"end":{"line":421,"column":null}},"210":{"start":{"line":423,"column":32},"end":{"line":426,"column":null}},"211":{"start":{"line":433,"column":2},"end":{"line":435,"column":null}},"212":{"start":{"line":434,"column":4},"end":{"line":434,"column":null}},"213":{"start":{"line":436,"column":2},"end":{"line":438,"column":null}},"214":{"start":{"line":437,"column":4},"end":{"line":437,"column":null}},"215":{"start":{"line":439,"column":15},"end":{"line":439,"column":null}},"216":{"start":{"line":440,"column":2},"end":{"line":450,"column":null}},"217":{"start":{"line":441,"column":16},"end":{"line":441,"column":null}},"218":{"start":{"line":442,"column":4},"end":{"line":444,"column":null}},"219":{"start":{"line":443,"column":6},"end":{"line":443,"column":null}},"220":{"start":{"line":445,"column":4},"end":{"line":447,"column":null}},"221":{"start":{"line":446,"column":6},"end":{"line":446,"column":null}},"222":{"start":{"line":448,"column":4},"end":{"line":448,"column":null}},"223":{"start":{"line":449,"column":4},"end":{"line":449,"column":null}}},"fnMap":{"0":{"name":"length","decl":{"start":{"line":16,"column":9},"end":{"line":16,"column":16}},"loc":{"start":{"line":16,"column":20},"end":{"line":18,"column":null}}},"1":{"name":"singleton","decl":{"start":{"line":20,"column":9},"end":{"line":20,"column":19}},"loc":{"start":{"line":20,"column":20},"end":{"line":22,"column":null}}},"2":{"name":"clone","decl":{"start":{"line":24,"column":9},"end":{"line":24,"column":15}},"loc":{"start":{"line":24,"column":16},"end":{"line":28,"column":null}}},"3":{"name":"(anonymous_62)","decl":{"start":{"line":25,"column":15},"end":{"line":25,"column":25}},"loc":{"start":{"line":25,"column":29},"end":{"line":27,"column":null}}},"4":{"name":"isEmpty","decl":{"start":{"line":30,"column":9},"end":{"line":30,"column":17}},"loc":{"start":{"line":30,"column":18},"end":{"line":32,"column":null}}},"5":{"name":"range","decl":{"start":{"line":36,"column":9},"end":{"line":36,"column":15}},"loc":{"start":{"line":36,"column":27},"end":{"line":41,"column":null}}},"6":{"name":"(anonymous_65)","decl":{"start":{"line":38,"column":54},"end":{"line":38,"column":64}},"loc":{"start":{"line":38,"column":65},"end":{"line":40,"column":null}}},"7":{"name":"toIndexedList","decl":{"start":{"line":47,"column":9},"end":{"line":47,"column":23}},"loc":{"start":{"line":47,"column":28},"end":{"line":64,"column":null}}},"8":{"name":"(anonymous_67)","decl":{"start":{"line":51,"column":18},"end":{"line":51,"column":28}},"loc":{"start":{"line":51,"column":36},"end":{"line":63,"column":19}}},"9":{"name":"getAt","decl":{"start":{"line":68,"column":9},"end":{"line":68,"column":15}},"loc":{"start":{"line":68,"column":23},"end":{"line":70,"column":null}}},"10":{"name":"first","decl":{"start":{"line":72,"column":9},"end":{"line":72,"column":15}},"loc":{"start":{"line":72,"column":16},"end":{"line":74,"column":null}}},"11":{"name":"last","decl":{"start":{"line":76,"column":9},"end":{"line":76,"column":14}},"loc":{"start":{"line":76,"column":15},"end":{"line":78,"column":null}}},"12":{"name":"filter","decl":{"start":{"line":84,"column":9},"end":{"line":84,"column":16}},"loc":{"start":{"line":84,"column":20},"end":{"line":86,"column":null}}},"13":{"name":"swap","decl":{"start":{"line":88,"column":9},"end":{"line":88,"column":14}},"loc":{"start":{"line":88,"column":21},"end":{"line":92,"column":null}}},"14":{"name":"fold","decl":{"start":{"line":94,"column":9},"end":{"line":94,"column":14}},"loc":{"start":{"line":94,"column":27},"end":{"line":96,"column":null}}},"15":{"name":"foldRight","decl":{"start":{"line":98,"column":9},"end":{"line":98,"column":19}},"loc":{"start":{"line":98,"column":32},"end":{"line":100,"column":null}}},"16":{"name":"maximum","decl":{"start":{"line":102,"column":9},"end":{"line":102,"column":17}},"loc":{"start":{"line":102,"column":27},"end":{"line":110,"column":null}}},"17":{"name":"(anonymous_76)","decl":{"start":{"line":103,"column":29},"end":{"line":103,"column":39}},"loc":{"start":{"line":103,"column":51},"end":{"line":109,"column":null}}},"18":{"name":"minimum","decl":{"start":{"line":112,"column":9},"end":{"line":112,"column":17}},"loc":{"start":{"line":112,"column":27},"end":{"line":120,"column":null}}},"19":{"name":"(anonymous_78)","decl":{"start":{"line":113,"column":29},"end":{"line":113,"column":39}},"loc":{"start":{"line":113,"column":51},"end":{"line":119,"column":null}}},"20":{"name":"extent","decl":{"start":{"line":122,"column":9},"end":{"line":122,"column":16}},"loc":{"start":{"line":122,"column":26},"end":{"line":137,"column":null}}},"21":{"name":"(anonymous_80)","decl":{"start":{"line":123,"column":29},"end":{"line":123,"column":39}},"loc":{"start":{"line":123,"column":53},"end":{"line":136,"column":null}}},"22":{"name":"sum","decl":{"start":{"line":139,"column":9},"end":{"line":139,"column":13}},"loc":{"start":{"line":139,"column":17},"end":{"line":141,"column":null}}},"23":{"name":"map","decl":{"start":{"line":143,"column":9},"end":{"line":143,"column":13}},"loc":{"start":{"line":143,"column":17},"end":{"line":145,"column":null}}},"24":{"name":"mapWithIndex","decl":{"start":{"line":147,"column":9},"end":{"line":147,"column":22}},"loc":{"start":{"line":147,"column":26},"end":{"line":149,"column":null}}},"25":{"name":"map3","decl":{"start":{"line":153,"column":9},"end":{"line":153,"column":14}},"loc":{"start":{"line":153,"column":28},"end":{"line":167,"column":null}}},"26":{"name":"(anonymous_85)","decl":{"start":{"line":157,"column":22},"end":{"line":157,"column":32}},"loc":{"start":{"line":157,"column":44},"end":{"line":163,"column":null}}},"27":{"name":"(anonymous_86)","decl":{"start":{"line":164,"column":49},"end":{"line":164,"column":59}},"loc":{"start":{"line":164,"column":60},"end":{"line":166,"column":null}}},"28":{"name":"zip","decl":{"start":{"line":169,"column":9},"end":{"line":169,"column":13}},"loc":{"start":{"line":169,"column":17},"end":{"line":176,"column":null}}},"29":{"name":"(anonymous_88)","decl":{"start":{"line":170,"column":33},"end":{"line":170,"column":43}},"loc":{"start":{"line":170,"column":47},"end":{"line":175,"column":null}}},"30":{"name":"flatMap","decl":{"start":{"line":178,"column":9},"end":{"line":178,"column":17}},"loc":{"start":{"line":178,"column":21},"end":{"line":180,"column":null}}},"31":{"name":"sliding","decl":{"start":{"line":182,"column":9},"end":{"line":182,"column":17}},"loc":{"start":{"line":182,"column":33},"end":{"line":194,"column":null}}},"32":{"name":"(anonymous_91)","decl":{"start":{"line":188,"column":84},"end":{"line":188,"column":94}},"loc":{"start":{"line":188,"column":95},"end":{"line":192,"column":null}}},"33":{"name":"(anonymous_92)","decl":{"start":{"line":189,"column":60},"end":{"line":189,"column":70}},"loc":{"start":{"line":189,"column":71},"end":{"line":191,"column":null}}},"34":{"name":"find","decl":{"start":{"line":196,"column":9},"end":{"line":196,"column":14}},"loc":{"start":{"line":196,"column":18},"end":{"line":210,"column":null}}},"35":{"name":"findIndex","decl":{"start":{"line":212,"column":9},"end":{"line":212,"column":19}},"loc":{"start":{"line":212,"column":27},"end":{"line":228,"column":null}}},"36":{"name":"any","decl":{"start":{"line":230,"column":9},"end":{"line":230,"column":13}},"loc":{"start":{"line":230,"column":17},"end":{"line":232,"column":null}}},"37":{"name":"all","decl":{"start":{"line":234,"column":9},"end":{"line":234,"column":13}},"loc":{"start":{"line":234,"column":17},"end":{"line":236,"column":null}}},"38":{"name":"includes","decl":{"start":{"line":238,"column":9},"end":{"line":238,"column":18}},"loc":{"start":{"line":238,"column":29},"end":{"line":242,"column":null}}},"39":{"name":"(anonymous_98)","decl":{"start":{"line":239,"column":16},"end":{"line":239,"column":26}},"loc":{"start":{"line":239,"column":27},"end":{"line":241,"column":null}}},"40":{"name":"append","decl":{"start":{"line":244,"column":9},"end":{"line":244,"column":16}},"loc":{"start":{"line":244,"column":22},"end":{"line":246,"column":null}}},"41":{"name":"flatten","decl":{"start":{"line":248,"column":9},"end":{"line":248,"column":17}},"loc":{"start":{"line":248,"column":20},"end":{"line":250,"column":null}}},"42":{"name":"intersperse","decl":{"start":{"line":252,"column":9},"end":{"line":252,"column":21}},"loc":{"start":{"line":252,"column":27},"end":{"line":260,"column":null}}},"43":{"name":"(anonymous_102)","decl":{"start":{"line":253,"column":80},"end":{"line":253,"column":90}},"loc":{"start":{"line":253,"column":91},"end":{"line":259,"column":null}}},"44":{"name":"slice","decl":{"start":{"line":262,"column":9},"end":{"line":262,"column":15}},"loc":{"start":{"line":262,"column":31},"end":{"line":277,"column":null}}},"45":{"name":"(anonymous_104)","decl":{"start":{"line":273,"column":65},"end":{"line":273,"column":75}},"loc":{"start":{"line":273,"column":76},"end":{"line":275,"column":null}}},"46":{"name":"count","decl":{"start":{"line":279,"column":9},"end":{"line":279,"column":15}},"loc":{"start":{"line":279,"column":19},"end":{"line":285,"column":null}}},"47":{"name":"(anonymous_106)","decl":{"start":{"line":280,"column":21},"end":{"line":280,"column":31}},"loc":{"start":{"line":280,"column":45},"end":{"line":284,"column":null}}},"48":{"name":"chunksOf","decl":{"start":{"line":287,"column":9},"end":{"line":287,"column":18}},"loc":{"start":{"line":287,"column":25},"end":{"line":289,"column":null}}},"49":{"name":"reverse","decl":{"start":{"line":291,"column":9},"end":{"line":291,"column":17}},"loc":{"start":{"line":291,"column":18},"end":{"line":293,"column":null}}},"50":{"name":"forEach","decl":{"start":{"line":295,"column":9},"end":{"line":295,"column":17}},"loc":{"start":{"line":295,"column":21},"end":{"line":297,"column":null}}},"51":{"name":"forEachWithIndex","decl":{"start":{"line":299,"column":9},"end":{"line":299,"column":26}},"loc":{"start":{"line":299,"column":30},"end":{"line":303,"column":null}}},"52":{"name":"partition","decl":{"start":{"line":305,"column":9},"end":{"line":305,"column":19}},"loc":{"start":{"line":305,"column":23},"end":{"line":334,"column":null}}},"53":{"name":"(anonymous_112)","decl":{"start":{"line":309,"column":10},"end":{"line":309,"column":20}},"loc":{"start":{"line":309,"column":34},"end":{"line":329,"column":null}}},"54":{"name":"splitAt","decl":{"start":{"line":336,"column":9},"end":{"line":336,"column":17}},"loc":{"start":{"line":336,"column":25},"end":{"line":341,"column":null}}},"55":{"name":"splitWhen","decl":{"start":{"line":343,"column":9},"end":{"line":343,"column":19}},"loc":{"start":{"line":343,"column":23},"end":{"line":355,"column":null}}},"56":{"name":"(anonymous_115)","decl":{"start":{"line":344,"column":28},"end":{"line":344,"column":38}},"loc":{"start":{"line":344,"column":46},"end":{"line":346,"column":null}}},"57":{"name":"unzip","decl":{"start":{"line":357,"column":9},"end":{"line":357,"column":15}},"loc":{"start":{"line":357,"column":16},"end":{"line":366,"column":null}}},"58":{"name":"(anonymous_117)","decl":{"start":{"line":359,"column":49},"end":{"line":359,"column":59}},"loc":{"start":{"line":359,"column":60},"end":{"line":361,"column":null}}},"59":{"name":"(anonymous_118)","decl":{"start":{"line":362,"column":49},"end":{"line":362,"column":59}},"loc":{"start":{"line":362,"column":60},"end":{"line":364,"column":null}}},"60":{"name":"repeat","decl":{"start":{"line":368,"column":9},"end":{"line":368,"column":16}},"loc":{"start":{"line":368,"column":31},"end":{"line":372,"column":null}}},"61":{"name":"(anonymous_120)","decl":{"start":{"line":369,"column":63},"end":{"line":369,"column":73}},"loc":{"start":{"line":369,"column":78},"end":{"line":371,"column":null}}},"62":{"name":"filterMap","decl":{"start":{"line":374,"column":9},"end":{"line":374,"column":19}},"loc":{"start":{"line":374,"column":23},"end":{"line":388,"column":null}}},"63":{"name":"(anonymous_122)","decl":{"start":{"line":375,"column":54},"end":{"line":375,"column":64}},"loc":{"start":{"line":375,"column":80},"end":{"line":385,"column":null}}},"64":{"name":"sort","decl":{"start":{"line":390,"column":9},"end":{"line":390,"column":14}},"loc":{"start":{"line":390,"column":24},"end":{"line":392,"column":null}}},"65":{"name":"values","decl":{"start":{"line":394,"column":9},"end":{"line":394,"column":16}},"loc":{"start":{"line":394,"column":17},"end":{"line":407,"column":null}}},"66":{"name":"(anonymous_125)","decl":{"start":{"line":395,"column":54},"end":{"line":395,"column":64}},"loc":{"start":{"line":395,"column":80},"end":{"line":404,"column":null}}},"67":{"name":"join","decl":{"start":{"line":409,"column":9},"end":{"line":409,"column":14}},"loc":{"start":{"line":409,"column":20},"end":{"line":411,"column":null}}},"68":{"name":"groupBy","decl":{"start":{"line":413,"column":9},"end":{"line":413,"column":17}},"loc":{"start":{"line":413,"column":33},"end":{"line":430,"column":null}}},"69":{"name":"(anonymous_128)","decl":{"start":{"line":414,"column":51},"end":{"line":414,"column":61}},"loc":{"start":{"line":414,"column":73},"end":{"line":429,"column":null}}},"70":{"name":"(anonymous_129)","decl":{"start":{"line":416,"column":55},"end":{"line":416,"column":65}},"loc":{"start":{"line":416,"column":66},"end":{"line":428,"column":null}}},"71":{"name":"equal","decl":{"start":{"line":432,"column":9},"end":{"line":432,"column":15}},"loc":{"start":{"line":432,"column":28},"end":{"line":451,"column":null}}}},"branchMap":{"0":{"loc":{"start":{"line":37,"column":13},"end":{"line":37,"column":null}},"type":"cond-expr","locations":[{"start":{"line":37,"column":37},"end":{"line":37,"column":47}},{"start":{"line":37,"column":47},"end":{"line":37,"column":null}}]},"1":{"loc":{"start":{"line":104,"column":16},"end":{"line":108,"column":null}},"type":"if","locations":[{"start":{"line":104,"column":16},"end":{"line":108,"column":null}},{"start":{"line":106,"column":23},"end":{"line":108,"column":null}}]},"2":{"loc":{"start":{"line":104,"column":20},"end":{"line":104,"column":128}},"type":"binary-expr","locations":[{"start":{"line":104,"column":20},"end":{"line":104,"column":41}},{"start":{"line":104,"column":41},"end":{"line":104,"column":128}}]},"3":{"loc":{"start":{"line":114,"column":16},"end":{"line":118,"column":null}},"type":"if","locations":[{"start":{"line":114,"column":16},"end":{"line":118,"column":null}},{"start":{"line":116,"column":23},"end":{"line":118,"column":null}}]},"4":{"loc":{"start":{"line":114,"column":20},"end":{"line":114,"column":125}},"type":"binary-expr","locations":[{"start":{"line":114,"column":20},"end":{"line":114,"column":41}},{"start":{"line":114,"column":41},"end":{"line":114,"column":125}}]},"5":{"loc":{"start":{"line":124,"column":16},"end":{"line":129,"column":null}},"type":"if","locations":[{"start":{"line":124,"column":16},"end":{"line":129,"column":null}}]},"6":{"loc":{"start":{"line":133,"column":24},"end":{"line":133,"column":null}},"type":"cond-expr","locations":[{"start":{"line":133,"column":81},"end":{"line":133,"column":91}},{"start":{"line":133,"column":91},"end":{"line":133,"column":null}}]},"7":{"loc":{"start":{"line":134,"column":24},"end":{"line":134,"column":null}},"type":"cond-expr","locations":[{"start":{"line":134,"column":84},"end":{"line":134,"column":94}},{"start":{"line":134,"column":94},"end":{"line":134,"column":null}}]},"8":{"loc":{"start":{"line":158,"column":10},"end":{"line":162,"column":null}},"type":"if","locations":[{"start":{"line":158,"column":10},"end":{"line":162,"column":null}},{"start":{"line":160,"column":17},"end":{"line":162,"column":null}}]},"9":{"loc":{"start":{"line":183,"column":13},"end":{"line":183,"column":null}},"type":"cond-expr","locations":[{"start":{"line":183,"column":37},"end":{"line":183,"column":47}},{"start":{"line":183,"column":47},"end":{"line":183,"column":null}}]},"10":{"loc":{"start":{"line":185,"column":2},"end":{"line":193,"column":null}},"type":"if","locations":[{"start":{"line":185,"column":2},"end":{"line":193,"column":null}},{"start":{"line":187,"column":9},"end":{"line":193,"column":null}}]},"11":{"loc":{"start":{"line":201,"column":4},"end":{"line":203,"column":null}},"type":"if","locations":[{"start":{"line":201,"column":4},"end":{"line":203,"column":null}}]},"12":{"loc":{"start":{"line":204,"column":4},"end":{"line":206,"column":null}},"type":"if","locations":[{"start":{"line":204,"column":4},"end":{"line":206,"column":null}}]},"13":{"loc":{"start":{"line":216,"column":4},"end":{"line":218,"column":null}},"type":"if","locations":[{"start":{"line":216,"column":4},"end":{"line":218,"column":null}}]},"14":{"loc":{"start":{"line":219,"column":4},"end":{"line":224,"column":null}},"type":"if","locations":[{"start":{"line":219,"column":4},"end":{"line":224,"column":null}}]},"15":{"loc":{"start":{"line":254,"column":16},"end":{"line":258,"column":null}},"type":"if","locations":[{"start":{"line":254,"column":16},"end":{"line":258,"column":null}},{"start":{"line":256,"column":23},"end":{"line":258,"column":null}}]},"16":{"loc":{"start":{"line":263,"column":18},"end":{"line":263,"column":56}},"type":"cond-expr","locations":[{"start":{"line":263,"column":38},"end":{"line":263,"column":44}},{"start":{"line":263,"column":44},"end":{"line":263,"column":56}}]},"17":{"loc":{"start":{"line":264,"column":18},"end":{"line":266,"column":null}},"type":"cond-expr","locations":[{"start":{"line":265,"column":6},"end":{"line":265,"column":null}},{"start":{"line":266,"column":8},"end":{"line":266,"column":null}}]},"18":{"loc":{"start":{"line":265,"column":6},"end":{"line":265,"column":null}},"type":"cond-expr","locations":[{"start":{"line":265,"column":28},"end":{"line":265,"column":40}},{"start":{"line":265,"column":43},"end":{"line":265,"column":null}}]},"19":{"loc":{"start":{"line":267,"column":16},"end":{"line":269,"column":null}},"type":"cond-expr","locations":[{"start":{"line":268,"column":6},"end":{"line":268,"column":null}},{"start":{"line":269,"column":8},"end":{"line":269,"column":null}}]},"20":{"loc":{"start":{"line":268,"column":6},"end":{"line":268,"column":null}},"type":"cond-expr","locations":[{"start":{"line":268,"column":33},"end":{"line":268,"column":45}},{"start":{"line":268,"column":48},"end":{"line":268,"column":null}}]},"21":{"loc":{"start":{"line":270,"column":2},"end":{"line":276,"column":null}},"type":"if","locations":[{"start":{"line":270,"column":2},"end":{"line":276,"column":null}},{"start":{"line":272,"column":9},"end":{"line":276,"column":null}}]},"22":{"loc":{"start":{"line":282,"column":24},"end":{"line":282,"column":null}},"type":"cond-expr","locations":[{"start":{"line":282,"column":47},"end":{"line":282,"column":51}},{"start":{"line":282,"column":51},"end":{"line":282,"column":null}}]},"23":{"loc":{"start":{"line":312,"column":10},"end":{"line":328,"column":null}},"type":"if","locations":[{"start":{"line":312,"column":10},"end":{"line":328,"column":null}},{"start":{"line":320,"column":17},"end":{"line":328,"column":null}}]},"24":{"loc":{"start":{"line":347,"column":2},"end":{"line":354,"column":null}},"type":"if","locations":[{"start":{"line":347,"column":2},"end":{"line":354,"column":null}},{"start":{"line":349,"column":9},"end":{"line":354,"column":null}}]},"25":{"loc":{"start":{"line":369,"column":37},"end":{"line":369,"column":63}},"type":"cond-expr","locations":[{"start":{"line":369,"column":50},"end":{"line":369,"column":59}},{"start":{"line":369,"column":59},"end":{"line":369,"column":63}}]},"26":{"loc":{"start":{"line":377,"column":14},"end":{"line":384,"column":null}},"type":"if","locations":[{"start":{"line":377,"column":14},"end":{"line":384,"column":null}},{"start":{"line":382,"column":21},"end":{"line":384,"column":null}}]},"27":{"loc":{"start":{"line":396,"column":14},"end":{"line":403,"column":null}},"type":"if","locations":[{"start":{"line":396,"column":14},"end":{"line":403,"column":null}},{"start":{"line":401,"column":21},"end":{"line":403,"column":null}}]},"28":{"loc":{"start":{"line":417,"column":30},"end":{"line":427,"column":null}},"type":"if","locations":[{"start":{"line":417,"column":30},"end":{"line":427,"column":null}},{"start":{"line":422,"column":37},"end":{"line":427,"column":null}}]},"29":{"loc":{"start":{"line":433,"column":2},"end":{"line":435,"column":null}},"type":"if","locations":[{"start":{"line":433,"column":2},"end":{"line":435,"column":null}}]},"30":{"loc":{"start":{"line":436,"column":2},"end":{"line":438,"column":null}},"type":"if","locations":[{"start":{"line":436,"column":2},"end":{"line":438,"column":null}}]},"31":{"loc":{"start":{"line":442,"column":4},"end":{"line":444,"column":null}},"type":"if","locations":[{"start":{"line":442,"column":4},"end":{"line":444,"column":null}}]},"32":{"loc":{"start":{"line":445,"column":4},"end":{"line":447,"column":null}},"type":"if","locations":[{"start":{"line":445,"column":4},"end":{"line":447,"column":null}}]}},"s":{"0":1,"1":1,"2":0,"3":1,"4":1,"5":1,"6":1,"7":1,"8":1,"9":1,"10":1,"11":1,"12":1,"13":1,"14":1,"15":1,"16":1,"17":1,"18":1,"19":1,"20":1,"21":1,"22":1,"23":1,"24":1,"25":1,"26":1,"27":1,"28":1,"29":1,"30":1,"31":1,"32":1,"33":1,"34":1,"35":1,"36":1,"37":1,"38":1,"39":1,"40":1,"41":1,"42":0,"43":1,"44":1,"45":1,"46":1,"47":1,"48":1,"49":1,"50":1,"51":1,"52":1,"53":1,"54":1,"55":1,"56":1,"57":1,"58":1,"59":1,"60":1,"61":1,"62":1,"63":1,"64":1,"65":1,"66":1,"67":6,"68":0,"69":2,"70":6,"71":2,"72":1,"73":5,"74":5,"75":13,"76":1,"77":1,"78":2,"79":2,"80":2,"81":1,"82":3,"83":2,"84":2,"85":1,"86":1,"87":1,"88":1,"89":1,"90":1,"91":19,"92":5,"93":2,"94":3,"95":1,"96":2,"97":2,"98":3,"99":1,"100":2,"101":3,"102":4,"103":2,"104":2,"105":2,"106":2,"107":2,"108":1,"109":1,"110":1,"111":1,"112":2,"113":2,"114":0,"115":1,"116":3,"117":2,"118":3,"119":2,"120":10,"121":10,"122":10,"123":2,"124":8,"125":22,"126":40,"127":3,"128":3,"129":3,"130":9,"131":9,"132":2,"133":7,"134":1,"135":6,"136":6,"137":7,"138":7,"139":21,"140":21,"141":3,"142":18,"143":4,"144":14,"145":14,"146":3,"147":3,"148":3,"149":5,"150":0,"151":1,"152":2,"153":5,"154":2,"155":3,"156":28,"157":28,"158":28,"159":28,"160":9,"161":19,"162":65,"163":3,"164":6,"165":3,"166":1,"167":0,"168":0,"169":0,"170":0,"171":0,"172":1,"173":6,"174":6,"175":6,"176":3,"177":3,"178":1,"179":5,"180":4,"181":10,"182":4,"183":3,"184":1,"185":1,"186":3,"187":3,"188":8,"189":18,"190":1,"191":4,"192":4,"193":2,"194":2,"195":1,"196":1,"197":3,"198":2,"199":3,"200":2,"201":1,"202":2,"203":2,"204":2,"205":2,"206":4,"207":4,"208":4,"209":1,"210":3,"211":0,"212":0,"213":0,"214":0,"215":0,"216":0,"217":0,"218":0,"219":0,"220":0,"221":0,"222":0,"223":0},"f":{"0":6,"1":0,"2":2,"3":6,"4":2,"5":5,"6":13,"7":2,"8":2,"9":3,"10":2,"11":2,"12":1,"13":1,"14":19,"15":5,"16":2,"17":3,"18":2,"19":3,"20":3,"21":4,"22":2,"23":1,"24":1,"25":1,"26":2,"27":3,"28":2,"29":3,"30":2,"31":10,"32":22,"33":40,"34":3,"35":7,"36":3,"37":3,"38":3,"39":5,"40":0,"41":1,"42":2,"43":5,"44":28,"45":65,"46":3,"47":6,"48":3,"49":1,"50":0,"51":0,"52":1,"53":6,"54":5,"55":4,"56":10,"57":1,"58":3,"59":3,"60":8,"61":18,"62":1,"63":4,"64":3,"65":2,"66":3,"67":2,"68":2,"69":4,"70":4,"71":0},"b":{"0":[3,2],"1":[1,2],"2":[3,2],"3":[1,2],"4":[3,2],"5":[2],"6":[1,1],"7":[1,1],"8":[2,0],"9":[6,4],"10":[2,8],"11":[2],"12":[1],"13":[3],"14":[4],"15":[2,3],"16":[20,8],"17":[23,5],"18":[2,21],"19":[23,5],"20":[2,21],"21":[9,19],"22":[2,4],"23":[3,3],"24":[3,1],"25":[6,2],"26":[2,2],"27":[2,1],"28":[1,3],"29":[0],"30":[0],"31":[0],"32":[0]}}
}
