TN:
SF:src/Stdlib_Array.mjs
FNF:0
FNH:0
DA:3,1
DA:4,1
DA:5,1
DA:7,1
DA:9,1
DA:11,1
DA:13,1
DA:15,1
DA:17,1
DA:19,1
DA:21,1
DA:23,1
DA:25,1
DA:27,1
DA:29,1
DA:31,1
DA:33,1
DA:35,1
DA:37,1
DA:39,1
DA:41,1
DA:43,1
DA:45,1
DA:47,1
DA:49,1
DA:51,1
DA:53,1
DA:55,1
DA:57,1
DA:59,1
DA:61,1
DA:63,1
DA:65,1
DA:67,1
DA:69,1
DA:71,1
DA:73,1
DA:75,1
DA:77,1
DA:79,1
DA:81,1
DA:83,1
DA:85,1
DA:87,1
DA:89,1
DA:91,1
DA:93,1
DA:95,1
DA:97,1
DA:99,1
DA:101,1
DA:103,1
DA:105,1
DA:107,1
DA:109,1
DA:111,1
DA:113,1
DA:115,1
DA:117,1
DA:119,1
DA:121,1
DA:123,1
DA:125,1
DA:127,1
DA:129,1
DA:131,1
DA:133,1
DA:135,1
DA:137,1
DA:139,1
DA:141,1
DA:143,1
DA:145,1
DA:147,1
DA:149,1
DA:151,1
DA:153,1
DA:155,1
DA:157,1
DA:159,1
DA:161,1
DA:163,1
DA:165,1
DA:167,1
DA:169,1
DA:171,1
DA:173,1
DA:175,1
DA:177,1
DA:179,1
DA:181,1
DA:183,1
DA:185,1
DA:187,1
DA:189,1
DA:191,1
DA:193,1
DA:196,0
DA:197,0
DA:198,3
DA:199,0
DA:200,0
DA:201,0
DA:202,0
DA:203,0
DA:204,0
DA:205,0
DA:206,0
DA:207,0
DA:208,0
DA:209,0
DA:210,8
DA:211,5
DA:212,3
DA:213,1
DA:214,2
DA:215,7
DA:216,3
DA:217,4
DA:218,3
DA:219,2
DA:220,2
DA:221,18
DA:222,1
DA:223,1
DA:224,3
DA:225,2
DA:226,6
DA:227,3
DA:228,3
DA:229,3
DA:230,3
DA:231,3
DA:232,3
DA:233,2
DA:234,2
DA:235,3
DA:236,2
DA:237,1
DA:238,1
DA:239,1
DA:240,1
DA:241,2
DA:242,4
DA:243,4
DA:244,1
DA:245,2
DA:246,2
DA:247,1
DA:248,1
DA:249,2
DA:250,4
DA:251,1
DA:252,0
DA:253,0
DA:254,2
DA:255,2
DA:256,3
DA:257,7
DA:258,2
DA:259,2
DA:260,1
DA:261,2
DA:262,0
DA:263,1
DA:264,0
DA:265,0
DA:266,0
DA:267,0
DA:268,0
DA:269,2
DA:270,0
DA:271,0
DA:272,0
DA:273,0
DA:274,0
DA:275,0
DA:276,0
DA:277,0
DA:278,0
DA:279,0
DA:280,0
DA:281,0
DA:282,0
DA:283,0
DA:284,0
DA:285,0
DA:286,0
DA:287,0
DA:288,0
DA:289,0
LF:191
LH:150
BRF:0
BRH:0
end_of_record
TN:
SF:src/Stdlib_Array_Ext.mjs
FN:9,append
FN:13,headUnsafe
FN:17,lastUnsafe
FN:21,tail
FN:25,init
FN:34,uncons
FN:44,singleton
FN:48,take
FN:56,takeExactly
FN:64,takeWhile
FN:65,(anonymous_41)
FN:73,drop
FN:81,dropExactly
FN:89,dropWhile
FN:90,(anonymous_45)
FN:98,tails
FN:106,uniqBy
FN:111,(anonymous_48)
FN:112,(anonymous_49)
FN:124,uniq
FN:125,(anonymous_51)
FN:130,scanl
FN:142,arrayToOption
FN:146,$$return
FN:150,liftM2
FN:151,(anonymous_56)
FN:152,(anonymous_57)
FN:158,combinationIf2
FN:162,(anonymous_59)
FN:163,(anonymous_60)
FN:175,combination2
FN:176,(anonymous_62)
FN:181,combinationIf3
FN:185,(anonymous_64)
FN:186,(anonymous_65)
FN:187,(anonymous_66)
FN:200,combinationArray3
FN:201,(anonymous_68)
FN:206,combinationIf4
FN:210,(anonymous_70)
FN:211,(anonymous_71)
FN:212,(anonymous_72)
FN:213,(anonymous_73)
FN:227,combination4
FN:228,(anonymous_75)
FNF:45
FNH:2
FNDA:1,append
FNDA:0,headUnsafe
FNDA:0,lastUnsafe
FNDA:0,tail
FNDA:0,init
FNDA:0,uncons
FNDA:2,singleton
FNDA:0,take
FNDA:0,takeExactly
FNDA:0,takeWhile
FNDA:0,(anonymous_41)
FNDA:0,drop
FNDA:0,dropExactly
FNDA:0,dropWhile
FNDA:0,(anonymous_45)
FNDA:0,tails
FNDA:0,uniqBy
FNDA:0,(anonymous_48)
FNDA:0,(anonymous_49)
FNDA:0,uniq
FNDA:0,(anonymous_51)
FNDA:0,scanl
FNDA:0,arrayToOption
FNDA:0,$$return
FNDA:0,liftM2
FNDA:0,(anonymous_56)
FNDA:0,(anonymous_57)
FNDA:0,combinationIf2
FNDA:0,(anonymous_59)
FNDA:0,(anonymous_60)
FNDA:0,combination2
FNDA:0,(anonymous_62)
FNDA:0,combinationIf3
FNDA:0,(anonymous_64)
FNDA:0,(anonymous_65)
FNDA:0,(anonymous_66)
FNDA:0,combinationArray3
FNDA:0,(anonymous_68)
FNDA:0,combinationIf4
FNDA:0,(anonymous_70)
FNDA:0,(anonymous_71)
FNDA:0,(anonymous_72)
FNDA:0,(anonymous_73)
FNDA:0,combination4
FNDA:0,(anonymous_75)
DA:3,1
DA:4,1
DA:5,1
DA:6,1
DA:7,1
DA:10,1
DA:14,0
DA:18,0
DA:22,0
DA:26,0
DA:27,0
DA:28,0
DA:30,0
DA:35,0
DA:36,0
DA:45,2
DA:49,0
DA:50,0
DA:53,0
DA:57,0
DA:58,0
DA:60,0
DA:65,0
DA:66,0
DA:67,0
DA:69,0
DA:74,0
DA:75,0
DA:78,0
DA:82,0
DA:83,0
DA:85,0
DA:90,0
DA:91,0
DA:92,0
DA:94,0
DA:99,0
DA:100,0
DA:102,0
DA:107,0
DA:108,0
DA:109,0
DA:110,0
DA:111,0
DA:112,0
DA:113,0
DA:116,0
DA:117,0
DA:119,0
DA:121,0
DA:125,0
DA:126,0
DA:132,0
DA:133,0
DA:135,0
DA:136,0
DA:137,0
DA:139,0
DA:143,0
DA:147,0
DA:151,0
DA:152,0
DA:153,0
DA:159,0
DA:162,0
DA:163,0
DA:164,0
DA:165,0
DA:166,0
DA:167,0
DA:172,0
DA:176,0
DA:177,0
DA:182,0
DA:185,0
DA:186,0
DA:187,0
DA:188,0
DA:189,0
DA:190,0
DA:191,0
DA:197,0
DA:201,0
DA:202,0
DA:207,0
DA:210,0
DA:211,0
DA:212,0
DA:213,0
DA:214,0
DA:215,0
DA:216,0
DA:217,0
DA:224,0
DA:228,0
DA:229,0
DA:233,1
DA:236,1
DA:237,1
DA:238,1
DA:239,1
DA:240,1
DA:241,1
DA:242,1
DA:243,1
DA:244,1
DA:245,1
DA:246,1
DA:247,1
DA:248,1
DA:249,1
DA:250,1
DA:251,1
DA:252,1
DA:253,1
DA:254,1
DA:255,1
DA:256,1
DA:257,1
DA:258,1
DA:259,1
DA:260,1
DA:261,1
DA:262,1
LF:124
LH:35
BRDA:27,0,0,0
BRDA:27,0,1,0
BRDA:35,1,0,0
BRDA:50,2,0,0
BRDA:50,2,1,0
BRDA:51,3,0,0
BRDA:51,3,1,0
BRDA:57,4,0,0
BRDA:57,4,1,0
BRDA:57,5,0,0
BRDA:57,5,1,0
BRDA:66,6,0,0
BRDA:75,7,0,0
BRDA:75,7,1,0
BRDA:76,8,0,0
BRDA:76,8,1,0
BRDA:82,9,0,0
BRDA:82,9,1,0
BRDA:82,10,0,0
BRDA:82,10,1,0
BRDA:91,11,0,0
BRDA:99,12,0,0
BRDA:99,12,1,0
BRDA:116,13,0,0
BRDA:132,14,0,0
BRDA:132,14,1,0
BRDA:165,15,0,0
BRDA:189,16,0,0
BRDA:215,17,0,0
BRF:29
BRH:0
end_of_record
TN:
SF:src/Stdlib_Int.mjs
FNF:0
FNH:0
DA:3,1
DA:4,1
DA:6,1
DA:8,1
DA:10,1
DA:12,1
DA:14,1
DA:16,1
DA:18,1
DA:20,1
DA:22,1
DA:24,1
DA:26,1
DA:28,1
DA:30,1
DA:32,1
DA:34,1
DA:36,1
DA:38,1
DA:40,1
DA:42,1
DA:44,1
DA:46,1
DA:48,1
DA:50,1
DA:52,1
DA:54,1
DA:56,1
DA:58,1
DA:61,2
DA:62,0
DA:63,0
DA:64,0
DA:65,2
DA:66,0
DA:67,0
DA:68,0
DA:69,0
DA:70,0
DA:71,1
DA:72,0
DA:73,0
DA:74,0
DA:75,0
DA:76,0
DA:77,19
DA:78,2
DA:79,0
DA:80,2
DA:81,0
DA:82,0
DA:83,13
DA:84,0
DA:85,0
DA:86,0
DA:87,0
LF:56
LH:36
BRF:0
BRH:0
end_of_record
TN:
SF:src/Tablecloth/TableclothArray.mjs
FN:16,length
FN:20,singleton
FN:24,clone
FN:25,(anonymous_62)
FN:30,isEmpty
FN:36,range
FN:38,(anonymous_65)
FN:47,toIndexedList
FN:51,(anonymous_67)
FN:68,getAt
FN:72,first
FN:76,last
FN:84,filter
FN:88,swap
FN:94,fold
FN:98,foldRight
FN:102,maximum
FN:103,(anonymous_76)
FN:112,minimum
FN:113,(anonymous_78)
FN:122,extent
FN:123,(anonymous_80)
FN:139,sum
FN:143,map
FN:147,mapWithIndex
FN:153,map3
FN:157,(anonymous_85)
FN:164,(anonymous_86)
FN:169,zip
FN:170,(anonymous_88)
FN:178,flatMap
FN:182,sliding
FN:188,(anonymous_91)
FN:189,(anonymous_92)
FN:196,find
FN:212,findIndex
FN:230,any
FN:234,all
FN:238,includes
FN:239,(anonymous_98)
FN:244,append
FN:248,flatten
FN:252,intersperse
FN:253,(anonymous_102)
FN:262,slice
FN:273,(anonymous_104)
FN:279,count
FN:280,(anonymous_106)
FN:287,chunksOf
FN:291,reverse
FN:295,forEach
FN:299,forEachWithIndex
FN:305,partition
FN:309,(anonymous_112)
FN:336,splitAt
FN:343,splitWhen
FN:344,(anonymous_115)
FN:357,unzip
FN:359,(anonymous_117)
FN:362,(anonymous_118)
FN:368,repeat
FN:369,(anonymous_120)
FN:374,filterMap
FN:375,(anonymous_122)
FN:390,sort
FN:394,values
FN:395,(anonymous_125)
FN:409,join
FN:413,groupBy
FN:414,(anonymous_128)
FN:416,(anonymous_129)
FN:432,equal
FNF:72
FNH:67
FNDA:6,length
FNDA:0,singleton
FNDA:2,clone
FNDA:6,(anonymous_62)
FNDA:2,isEmpty
FNDA:5,range
FNDA:13,(anonymous_65)
FNDA:2,toIndexedList
FNDA:2,(anonymous_67)
FNDA:3,getAt
FNDA:2,first
FNDA:2,last
FNDA:1,filter
FNDA:1,swap
FNDA:19,fold
FNDA:5,foldRight
FNDA:2,maximum
FNDA:3,(anonymous_76)
FNDA:2,minimum
FNDA:3,(anonymous_78)
FNDA:3,extent
FNDA:4,(anonymous_80)
FNDA:2,sum
FNDA:1,map
FNDA:1,mapWithIndex
FNDA:1,map3
FNDA:2,(anonymous_85)
FNDA:3,(anonymous_86)
FNDA:2,zip
FNDA:3,(anonymous_88)
FNDA:2,flatMap
FNDA:10,sliding
FNDA:22,(anonymous_91)
FNDA:40,(anonymous_92)
FNDA:3,find
FNDA:7,findIndex
FNDA:3,any
FNDA:3,all
FNDA:3,includes
FNDA:5,(anonymous_98)
FNDA:0,append
FNDA:1,flatten
FNDA:2,intersperse
FNDA:5,(anonymous_102)
FNDA:28,slice
FNDA:65,(anonymous_104)
FNDA:3,count
FNDA:6,(anonymous_106)
FNDA:3,chunksOf
FNDA:1,reverse
FNDA:0,forEach
FNDA:0,forEachWithIndex
FNDA:1,partition
FNDA:6,(anonymous_112)
FNDA:5,splitAt
FNDA:4,splitWhen
FNDA:10,(anonymous_115)
FNDA:1,unzip
FNDA:3,(anonymous_117)
FNDA:3,(anonymous_118)
FNDA:8,repeat
FNDA:18,(anonymous_120)
FNDA:1,filterMap
FNDA:4,(anonymous_122)
FNDA:3,sort
FNDA:2,values
FNDA:3,(anonymous_125)
FNDA:2,join
FNDA:2,groupBy
FNDA:4,(anonymous_128)
FNDA:4,(anonymous_129)
FNDA:0,equal
DA:3,1
DA:4,1
DA:5,1
DA:6,1
DA:7,1
DA:8,1
DA:9,1
DA:10,1
DA:11,1
DA:12,1
DA:13,1
DA:14,1
DA:17,6
DA:21,0
DA:25,2
DA:26,6
DA:31,2
DA:34,1
DA:37,5
DA:38,5
DA:39,13
DA:43,1
DA:45,1
DA:48,2
DA:52,2
DA:53,2
DA:66,1
DA:69,3
DA:73,2
DA:77,2
DA:80,1
DA:82,1
DA:85,1
DA:89,1
DA:90,1
DA:91,1
DA:95,19
DA:99,5
DA:103,2
DA:104,3
DA:105,1
DA:107,2
DA:113,2
DA:114,3
DA:115,1
DA:117,2
DA:123,3
DA:124,4
DA:125,2
DA:130,2
DA:131,2
DA:132,2
DA:140,2
DA:144,1
DA:148,1
DA:151,1
DA:154,1
DA:158,2
DA:159,2
DA:161,0
DA:164,1
DA:165,3
DA:170,2
DA:171,3
DA:179,2
DA:183,10
DA:184,10
DA:185,10
DA:186,2
DA:188,8
DA:189,22
DA:190,40
DA:197,3
DA:198,3
DA:199,3
DA:200,9
DA:201,9
DA:202,2
DA:204,7
DA:205,1
DA:207,6
DA:208,6
DA:213,7
DA:214,7
DA:215,21
DA:216,21
DA:217,3
DA:219,18
DA:220,4
DA:225,14
DA:226,14
DA:231,3
DA:235,3
DA:239,3
DA:240,5
DA:245,0
DA:249,1
DA:253,2
DA:254,5
DA:255,2
DA:257,3
DA:263,28
DA:264,28
DA:267,28
DA:270,28
DA:271,9
DA:273,19
DA:274,65
DA:280,3
DA:281,6
DA:288,3
DA:292,1
DA:296,0
DA:300,0
DA:301,0
DA:306,1
DA:310,6
DA:311,6
DA:312,6
DA:313,3
DA:321,3
DA:330,1
DA:337,5
DA:344,4
DA:345,10
DA:347,4
DA:348,3
DA:350,1
DA:358,1
DA:360,3
DA:363,3
DA:369,8
DA:370,18
DA:375,1
DA:376,4
DA:377,4
DA:378,2
DA:383,2
DA:386,1
DA:387,1
DA:391,3
DA:395,2
DA:396,3
DA:397,2
DA:402,1
DA:405,2
DA:406,2
DA:410,2
DA:414,2
DA:415,4
DA:416,4
DA:417,4
DA:418,1
DA:423,3
DA:433,0
DA:434,0
DA:436,0
DA:437,0
DA:439,0
DA:440,0
DA:441,0
DA:442,0
DA:443,0
DA:445,0
DA:446,0
DA:448,0
DA:449,0
DA:454,0
DA:455,1
DA:456,1
DA:457,1
DA:458,1
DA:459,1
DA:460,1
DA:461,1
DA:462,1
DA:463,1
DA:464,1
DA:465,1
DA:466,1
DA:467,1
DA:468,1
DA:469,1
DA:470,1
DA:471,1
DA:472,1
DA:473,1
DA:474,1
DA:475,1
DA:476,1
DA:477,1
DA:478,1
DA:479,1
DA:480,1
DA:481,1
DA:482,1
DA:483,1
DA:484,1
DA:485,1
DA:486,1
DA:487,1
DA:488,1
DA:489,0
DA:490,1
DA:491,1
DA:492,1
DA:493,1
DA:494,1
DA:495,1
DA:496,1
DA:497,1
DA:498,1
DA:499,1
DA:500,1
DA:501,1
DA:502,1
DA:503,1
DA:504,1
DA:505,1
DA:506,1
DA:507,1
DA:508,1
LF:222
LH:201
BRDA:37,0,0,3
BRDA:37,0,1,2
BRDA:104,1,0,1
BRDA:104,1,1,2
BRDA:104,2,0,3
BRDA:104,2,1,2
BRDA:114,3,0,1
BRDA:114,3,1,2
BRDA:114,4,0,3
BRDA:114,4,1,2
BRDA:124,5,0,2
BRDA:133,6,0,1
BRDA:133,6,1,1
BRDA:134,7,0,1
BRDA:134,7,1,1
BRDA:158,8,0,2
BRDA:158,8,1,0
BRDA:183,9,0,6
BRDA:183,9,1,4
BRDA:185,10,0,2
BRDA:185,10,1,8
BRDA:201,11,0,2
BRDA:204,12,0,1
BRDA:216,13,0,3
BRDA:219,14,0,4
BRDA:254,15,0,2
BRDA:254,15,1,3
BRDA:263,16,0,20
BRDA:263,16,1,8
BRDA:264,17,0,23
BRDA:264,17,1,5
BRDA:265,18,0,2
BRDA:265,18,1,21
BRDA:267,19,0,23
BRDA:267,19,1,5
BRDA:268,20,0,2
BRDA:268,20,1,21
BRDA:270,21,0,9
BRDA:270,21,1,19
BRDA:282,22,0,2
BRDA:282,22,1,4
BRDA:312,23,0,3
BRDA:312,23,1,3
BRDA:347,24,0,3
BRDA:347,24,1,1
BRDA:369,25,0,6
BRDA:369,25,1,2
BRDA:377,26,0,2
BRDA:377,26,1,2
BRDA:396,27,0,2
BRDA:396,27,1,1
BRDA:417,28,0,1
BRDA:417,28,1,3
BRDA:433,29,0,0
BRDA:436,30,0,0
BRDA:442,31,0,0
BRDA:445,32,0,0
BRF:57
BRH:52
end_of_record
